[35m[HTTP][39m [37m-->[39m [37mPOST[39m [37m/session[39m
[35m[HTTP][39m [90m{"capabilities":{"alwaysMatch":{"platformName":"Android","appium:platformVersion":"13.0","appium:deviceName":"Nexus 5","appium:automationName":"UIAutomator2","appium:app":"/Users/kalle.ollonqvist/Git/mobile-testing/app/android/Android.SauceLabs.Mobile.Sample.app.2.7.1.apk","appium:appWaitActivity":"com.swaglabsmobileapp.*","appium:autoGrantPermissions":true},"firstMatch":[{}]},"desiredCapabilities":{"platformName":"Android","appium:platformVersion":"13.0","appium:deviceName":"Nexus 5","appium:automationName":"UIAutomator2","appium:app":"/Users/kalle.ollonqvist/Git/mobile-testing/app/android/Android.SauceLabs.Mobile.Sample.app.2.7.1.apk","appium:appWaitActivity":"com.swaglabsmobileapp.*","appium:autoGrantPermissions":true}}[39m
[debug] [35m[W3C][39m Calling AppiumDriver.createSession() with args: [{"platformName":"Android","appium:platformVersion":"13.0","appium:deviceName":"Nexus 5","appium:automationName":"UIAutomator2","appium:app":"/Users/kalle.ollonqvist/Git/mobile-testing/app/android/Android.SauceLabs.Mobile.Sample.app.2.7.1.apk","appium:appWaitActivity":"com.swaglabsmobileapp.*","appium:autoGrantPermissions":true},null,{"alwaysMatch":{"platformName":"Android","appium:platformVersion":"13.0","appium:deviceName":"Nexus 5","appium:automationName":"UIAutomator2","appium:app":"/Users/kalle.ollonqvist/Git/mobile-testing/app/android/Android.SauceLabs.Mobile.Sample.app.2.7.1.apk","appium:appWaitActivity":"com.swaglabsmobileapp.*","appium:autoGrantPermissions":true},"firstMatch":[{}]}]
[debug] [35m[BaseDriver][39m Event 'newSessionRequested' logged at 1682304600911 (19:50:00 GMT-0700 (Pacific Daylight Time))
[35m[Appium][39m Appium v1.22.3 creating new AndroidUiautomator2Driver (v1.70.1) session
[35m[Appium][39m Applying relaxed security to 'AndroidUiautomator2Driver' as per server command line argument. All insecure features will be enabled unless explicitly disabled by --deny-insecure
[debug] [35m[BaseDriver][39m W3C capabilities and MJSONWP desired capabilities were provided
[debug] [35m[BaseDriver][39m Creating session with W3C capabilities: {
[debug] [35m[BaseDriver][39m   "alwaysMatch": {
[debug] [35m[BaseDriver][39m     "platformName": "Android",
[debug] [35m[BaseDriver][39m     "appium:platformVersion": "13.0",
[debug] [35m[BaseDriver][39m     "appium:deviceName": "Nexus 5",
[debug] [35m[BaseDriver][39m     "appium:automationName": "UIAutomator2",
[debug] [35m[BaseDriver][39m     "appium:app": "/Users/kalle.ollonqvist/Git/mobile-testing/app/android/Android.SauceLabs.Mobile.Sample.app.2.7.1.apk",
[debug] [35m[BaseDriver][39m     "appium:appWaitActivity": "com.swaglabsmobileapp.*",
[debug] [35m[BaseDriver][39m     "appium:autoGrantPermissions": true
[debug] [35m[BaseDriver][39m   },
[debug] [35m[BaseDriver][39m   "firstMatch": [
[debug] [35m[BaseDriver][39m     {}
[debug] [35m[BaseDriver][39m   ]
[debug] [35m[BaseDriver][39m }
[35m[BaseDriver][39m Session created with session id: b0fc625f-e67e-4bfa-94e1-715bae64886c
[35m[BaseDriver][39m Using local app '/Users/kalle.ollonqvist/Git/mobile-testing/app/android/Android.SauceLabs.Mobile.Sample.app.2.7.1.apk'
[debug] [35m[UiAutomator2][39m Checking whether app is actually present
[35m[ADB][39m Found 2 'build-tools' folders under '/Users/kalle.ollonqvist/Library/Android/sdk' (newest first):
[35m[ADB][39m     /Users/kalle.ollonqvist/Library/Android/sdk/build-tools/33.0.0
[35m[ADB][39m     /Users/kalle.ollonqvist/Library/Android/sdk/build-tools/30.0.3
[35m[ADB][39m Using 'adb' from '/Users/kalle.ollonqvist/Library/Android/sdk/platform-tools/adb'
[debug] [35m[ADB][39m Running '/Users/kalle.ollonqvist/Library/Android/sdk/platform-tools/adb -P 5037 start-server'
[35m[AndroidDriver][39m Retrieving device list
[debug] [35m[ADB][39m Trying to find a connected android device
[debug] [35m[ADB][39m Getting connected devices
[debug] [35m[ADB][39m Connected devices: [{"udid":"emulator-5554","state":"device"}]
[35m[AndroidDriver][39m Looking for a device with Android '13.0.0'
[debug] [35m[ADB][39m Setting device id to emulator-5554
[35m[ADB][39m Getting device platform version
[debug] [35m[ADB][39m Running '/Users/kalle.ollonqvist/Library/Android/sdk/platform-tools/adb -P 5037 -s emulator-5554 shell getprop ro.build.version.release'
[debug] [35m[ADB][39m Current device property 'ro.build.version.release': 13
[35m[AndroidDriver][39m Using device: emulator-5554
[35m[ADB][39m Using 'adb' from '/Users/kalle.ollonqvist/Library/Android/sdk/platform-tools/adb'
[debug] [35m[ADB][39m Running '/Users/kalle.ollonqvist/Library/Android/sdk/platform-tools/adb -P 5037 start-server'
[debug] [35m[ADB][39m Setting device id to emulator-5554
[debug] [35m[ADB][39m Running '/Users/kalle.ollonqvist/Library/Android/sdk/platform-tools/adb -P 5037 -s emulator-5554 shell getprop ro.build.version.sdk'
[debug] [35m[ADB][39m Current device property 'ro.build.version.sdk': 33
[35m[ADB][39m Getting device platform version
[debug] [35m[ADB][39m Running '/Users/kalle.ollonqvist/Library/Android/sdk/platform-tools/adb -P 5037 -s emulator-5554 shell getprop ro.build.version.release'
[debug] [35m[ADB][39m Current device property 'ro.build.version.release': 13
[debug] [35m[ADB][39m Device API level: 33
[35m[UiAutomator2][39m Relaxing hidden api policy
[debug] [35m[ADB][39m Running '/Users/kalle.ollonqvist/Library/Android/sdk/platform-tools/adb -P 5037 -s emulator-5554 shell 'settings put global hidden_api_policy_pre_p_apps 1;settings put global hidden_api_policy_p_apps 1;settings put global hidden_api_policy 1''
[debug] [35m[AndroidDriver][39m Parsing package and activity from app manifest
[35m[ADB][39m Package name: 'com.swaglabsmobileapp'
[35m[ADB][39m Main activity name: 'com.swaglabsmobileapp.SplashActivity'
[debug] [35m[AndroidDriver][39m Parsed package and activity are: com.swaglabsmobileapp/com.swaglabsmobileapp.SplashActivity
[debug] [35m[ADB][39m Running '/Users/kalle.ollonqvist/Library/Android/sdk/platform-tools/adb -P 5037 -s emulator-5554 wait-for-device'
[debug] [35m[ADB][39m Running '/Users/kalle.ollonqvist/Library/Android/sdk/platform-tools/adb -P 5037 -s emulator-5554 shell echo ping'
[debug] [35m[AndroidDriver][39m Pushing settings apk to device...
[debug] [35m[ADB][39m Getting install status for io.appium.settings
[debug] [35m[ADB][39m Running '/Users/kalle.ollonqvist/Library/Android/sdk/platform-tools/adb -P 5037 -s emulator-5554 shell dumpsys package io.appium.settings'
[debug] [35m[ADB][39m 'io.appium.settings' is installed
[debug] [35m[ADB][39m Getting package info for 'io.appium.settings'
[debug] [35m[ADB][39m Running '/Users/kalle.ollonqvist/Library/Android/sdk/platform-tools/adb -P 5037 -s emulator-5554 shell dumpsys package io.appium.settings'
[debug] [35m[ADB][39m The version name of the installed 'io.appium.settings' is greater or equal to the application version name ('3.4.0' >= '3.4.0')
[debug] [35m[ADB][39m There is no need to install/upgrade '/Users/kalle.ollonqvist/Git/mobile-testing/node_modules/appium/node_modules/io.appium.settings/apks/settings_apk-debug.apk'
[debug] [35m[ADB][39m Getting IDs of all 'io.appium.settings' processes
[debug] [35m[ADB][39m Running '/Users/kalle.ollonqvist/Library/Android/sdk/platform-tools/adb -P 5037 -s emulator-5554 shell 'pgrep --help; echo $?''
[debug] [35m[ADB][39m Running '/Users/kalle.ollonqvist/Library/Android/sdk/platform-tools/adb -P 5037 -s emulator-5554 shell pgrep -f \(\[\[:blank:\]\]\|\^\)io\.appium\.settings\(\[\[:blank:\]\]\|\$\)'
[debug] [35m[AndroidDriver][39m io.appium.settings is already running. There is no need to reset its permissions.
[debug] [35m[Logcat][39m Starting logs capture with command: /Users/kalle.ollonqvist/Library/Android/sdk/platform-tools/adb -P 5037 -s emulator-5554 logcat -v threadtime
[debug] [35m[UiAutomator2][39m Forwarding UiAutomator2 Server port 6790 to local port 8205
[debug] [35m[ADB][39m Forwarding system: 8205 to device: 6790
[debug] [35m[ADB][39m Running '/Users/kalle.ollonqvist/Library/Android/sdk/platform-tools/adb -P 5037 -s emulator-5554 forward tcp:8205 tcp:6790'
[debug] [35m[ADB][39m Getting install status for io.appium.uiautomator2.server
[debug] [35m[ADB][39m Running '/Users/kalle.ollonqvist/Library/Android/sdk/platform-tools/adb -P 5037 -s emulator-5554 shell dumpsys package io.appium.uiautomator2.server'
[debug] [35m[ADB][39m 'io.appium.uiautomator2.server' is installed
[debug] [35m[ADB][39m Getting package info for 'io.appium.uiautomator2.server'
[debug] [35m[ADB][39m Running '/Users/kalle.ollonqvist/Library/Android/sdk/platform-tools/adb -P 5037 -s emulator-5554 shell dumpsys package io.appium.uiautomator2.server'
[debug] [35m[ADB][39m The version name of the installed 'io.appium.uiautomator2.server' is greater or equal to the application version name ('4.27.0' >= '4.27.0')
[debug] [35m[UiAutomator2][39m io.appium.uiautomator2.server installation state: sameVersionInstalled
[debug] [35m[ADB][39m Checking app cert for /Users/kalle.ollonqvist/Git/mobile-testing/node_modules/appium/node_modules/appium-uiautomator2-server/apks/appium-uiautomator2-server-v4.27.0.apk
[35m[ADB][39m Using 'apksigner.jar' from '/Users/kalle.ollonqvist/Library/Android/sdk/build-tools/33.0.0/lib/apksigner.jar'
[debug] [35m[ADB][39m Starting apksigner: /Library/Java/JavaVirtualMachines/jdk-18.0.1.1.jdk/Contents/Home/bin/java -Xmx1024M -Xss1m -jar /Users/kalle.ollonqvist/Library/Android/sdk/build-tools/33.0.0/lib/apksigner.jar verify --print-certs /Users/kalle.ollonqvist/Git/mobile-testing/node_modules/appium/node_modules/appium-uiautomator2-server/apks/appium-uiautomator2-server-v4.27.0.apk
[debug] [35m[ADB][39m apksigner stdout: Signer #1 certificate DN: EMAILADDRESS=android@android.com, CN=Android, OU=Android, O=Android, L=Mountain View, ST=California, C=US
[debug] [35m[ADB][39m Signer #1 certificate SHA-256 digest: a40da80a59d170caa950cf15c18c454d47a39b26989d8b640ecd745ba71bf5dc
[debug] [35m[ADB][39m Signer #1 certificate SHA-1 digest: 61ed377e85d386a8dfee6b864bd85b0bfaa5af81
[debug] [35m[ADB][39m Signer #1 certificate MD5 digest: e89b158e4bcf988ebd09eb83f5378e87
[debug] [35m[ADB][39m 
[debug] [35m[ADB][39m sha256 hash did match for 'appium-uiautomator2-server-v4.27.0.apk'
[35m[ADB][39m '/Users/kalle.ollonqvist/Git/mobile-testing/node_modules/appium/node_modules/appium-uiautomator2-server/apks/appium-uiautomator2-server-v4.27.0.apk' is signed with the default certificate
[debug] [35m[ADB][39m Getting install status for io.appium.uiautomator2.server.test
[debug] [35m[ADB][39m Running '/Users/kalle.ollonqvist/Library/Android/sdk/platform-tools/adb -P 5037 -s emulator-5554 shell dumpsys package io.appium.uiautomator2.server.test'
[debug] [35m[ADB][39m 'io.appium.uiautomator2.server.test' is installed
[debug] [35m[ADB][39m Checking app cert for /Users/kalle.ollonqvist/Git/mobile-testing/node_modules/appium/node_modules/appium-uiautomator2-server/apks/appium-uiautomator2-server-debug-androidTest.apk
[debug] [35m[ADB][39m Starting apksigner: /Library/Java/JavaVirtualMachines/jdk-18.0.1.1.jdk/Contents/Home/bin/java -Xmx1024M -Xss1m -jar /Users/kalle.ollonqvist/Library/Android/sdk/build-tools/33.0.0/lib/apksigner.jar verify --print-certs /Users/kalle.ollonqvist/Git/mobile-testing/node_modules/appium/node_modules/appium-uiautomator2-server/apks/appium-uiautomator2-server-debug-androidTest.apk
[debug] [35m[ADB][39m apksigner stdout: Signer #1 certificate DN: EMAILADDRESS=android@android.com, CN=Android, OU=Android, O=Android, L=Mountain View, ST=California, C=US
[debug] [35m[ADB][39m Signer #1 certificate SHA-256 digest: a40da80a59d170caa950cf15c18c454d47a39b26989d8b640ecd745ba71bf5dc
[debug] [35m[ADB][39m Signer #1 certificate SHA-1 digest: 61ed377e85d386a8dfee6b864bd85b0bfaa5af81
[debug] [35m[ADB][39m Signer #1 certificate MD5 digest: e89b158e4bcf988ebd09eb83f5378e87
[debug] [35m[ADB][39m 
[debug] [35m[ADB][39m sha256 hash did match for 'appium-uiautomator2-server-debug-androidTest.apk'
[35m[ADB][39m '/Users/kalle.ollonqvist/Git/mobile-testing/node_modules/appium/node_modules/appium-uiautomator2-server/apks/appium-uiautomator2-server-debug-androidTest.apk' is signed with the default certificate
[35m[UiAutomator2][39m Server packages are not going to be (re)installed
[debug] [35m[UiAutomator2][39m Waiting up to 30000ms for services to be available
[debug] [35m[ADB][39m Running '/Users/kalle.ollonqvist/Library/Android/sdk/platform-tools/adb -P 5037 -s emulator-5554 shell pm list instrumentation'
[debug] [35m[UiAutomator2][39m Instrumentation target 'io.appium.uiautomator2.server.test/androidx.test.runner.AndroidJUnitRunner' is available
[35m[ADB][39m Adding packages ["io.appium.settings","io.appium.uiautomator2.server","io.appium.uiautomator2.server.test"] to Doze whitelist
[debug] [35m[ADB][39m Got the following command chunks to execute: [["dumpsys","deviceidle","whitelist","+io.appium.settings",";","dumpsys","deviceidle","whitelist","+io.appium.uiautomator2.server",";","dumpsys","deviceidle","whitelist","+io.appium.uiautomator2.server.test",";"]]
[debug] [35m[ADB][39m Running '/Users/kalle.ollonqvist/Library/Android/sdk/platform-tools/adb -P 5037 -s emulator-5554 shell dumpsys deviceidle whitelist +io.appium.settings ; dumpsys deviceidle whitelist +io.appium.uiautomator2.server ; dumpsys deviceidle whitelist +io.appium.uiautomator2.server.test ;'
[debug] [35m[ADB][39m Checking app cert for /Users/kalle.ollonqvist/Git/mobile-testing/app/android/Android.SauceLabs.Mobile.Sample.app.2.7.1.apk
[debug] [35m[ADB][39m Starting apksigner: /Library/Java/JavaVirtualMachines/jdk-18.0.1.1.jdk/Contents/Home/bin/java -Xmx1024M -Xss1m -jar /Users/kalle.ollonqvist/Library/Android/sdk/build-tools/33.0.0/lib/apksigner.jar verify --print-certs /Users/kalle.ollonqvist/Git/mobile-testing/app/android/Android.SauceLabs.Mobile.Sample.app.2.7.1.apk
[debug] [35m[ADB][39m apksigner stdout: Signer #1 certificate DN: CN=wswebcreation, OU=sample-app, O=Sauce Labs, L=San Francisco, ST=California, C=CA
[debug] [35m[ADB][39m Signer #1 certificate SHA-256 digest: 24fd76156cde9748f50e68dbdafde6498ec4beaa41316438d06ffdde41ce7a3d
[debug] [35m[ADB][39m Signer #1 certificate SHA-1 digest: 2a1a91b5b813edbd94986bffb8398349b9b504e0
[debug] [35m[ADB][39m Signer #1 certificate MD5 digest: ac89c8eda61ba1f13ee22bae56d13abc
[debug] [35m[ADB][39m 
[35m[ADB][39m '/Users/kalle.ollonqvist/Git/mobile-testing/app/android/Android.SauceLabs.Mobile.Sample.app.2.7.1.apk' is signed with a non-default certificate
[debug] [35m[ADB][39m Getting install status for com.swaglabsmobileapp
[debug] [35m[ADB][39m Running '/Users/kalle.ollonqvist/Library/Android/sdk/platform-tools/adb -P 5037 -s emulator-5554 shell dumpsys package com.swaglabsmobileapp'
[debug] [35m[ADB][39m 'com.swaglabsmobileapp' is installed
[debug] [35m[ADB][39m Getting package info for 'com.swaglabsmobileapp'
[debug] [35m[ADB][39m Running '/Users/kalle.ollonqvist/Library/Android/sdk/platform-tools/adb -P 5037 -s emulator-5554 shell dumpsys package com.swaglabsmobileapp'
[debug] [35m[ADB][39m The version name of the installed 'com.swaglabsmobileapp' is greater or equal to the application version name ('2.7.1' >= '2.7.1')
[debug] [35m[ADB][39m There is no need to install/upgrade '/Users/kalle.ollonqvist/Git/mobile-testing/app/android/Android.SauceLabs.Mobile.Sample.app.2.7.1.apk'
[35m[AndroidDriver][39m Performing fast reset on 'com.swaglabsmobileapp'
[debug] [35m[ADB][39m Getting install status for com.swaglabsmobileapp
[debug] [35m[ADB][39m Running '/Users/kalle.ollonqvist/Library/Android/sdk/platform-tools/adb -P 5037 -s emulator-5554 shell dumpsys package com.swaglabsmobileapp'
[debug] [35m[ADB][39m 'com.swaglabsmobileapp' is installed
[debug] [35m[ADB][39m Running '/Users/kalle.ollonqvist/Library/Android/sdk/platform-tools/adb -P 5037 -s emulator-5554 shell am force-stop com.swaglabsmobileapp'
[debug] [35m[ADB][39m Running '/Users/kalle.ollonqvist/Library/Android/sdk/platform-tools/adb -P 5037 -s emulator-5554 shell pm clear com.swaglabsmobileapp'
[debug] [35m[ADB][39m Running '/Users/kalle.ollonqvist/Library/Android/sdk/platform-tools/adb -P 5037 -s emulator-5554 shell dumpsys package com.swaglabsmobileapp'
[debug] [35m[ADB][39m Retrieving requested permissions
[debug] [35m[ADB][39m Retrieved 18 permissions from requested group
[debug] [35m[ADB][39m Retrieving granted permissions
[debug] [35m[ADB][39m Retrieved 7 permissions from install,runtime groups
[debug] [35m[ADB][39m Granting permissions ["android.permission.CAMERA","android.permission.ACCESS_COARSE_LOCATION","android.permission.ACCESS_FINE_LOCATION","android.permission.WRITE_EXTERNAL_STORAGE","android.permission.READ_EXTERNAL_STORAGE","android.permission.POST_NOTIFICATIONS","android.permission.ACCESS_BACKGROUND_LOCATION","android.permission.ACCESS_MEDIA_LOCATION","android.permission.READ_MEDIA_AUDIO","android.permission.READ_MEDIA_VIDEO","android.permission.READ_MEDIA_IMAGES"] to 'com.swaglabsmobileapp'
[debug] [35m[ADB][39m Got the following command chunks to execute: [["pm","grant","com.swaglabsmobileapp","android.permission.CAMERA",";","pm","grant","com.swaglabsmobileapp","android.permission.ACCESS_COARSE_LOCATION",";","pm","grant","com.swaglabsmobileapp","android.permission.ACCESS_FINE_LOCATION",";","pm","grant","com.swaglabsmobileapp","android.permission.WRITE_EXTERNAL_STORAGE",";","pm","grant","com.swaglabsmobileapp","android.permission.READ_EXTERNAL_STORAGE",";","pm","grant","com.swaglabsmobileapp","android.permission.POST_NOTIFICATIONS",";","pm","grant","com.swaglabsmobileapp","android.permission.ACCESS_BACKGROUND_LOCATION",";","pm","grant","com.swaglabsmobileapp","android.permission.ACCESS_MEDIA_LOCATION",";","pm","grant","com.swaglabsmobileapp","android.permission.READ_MEDIA_AUDIO",";","pm","grant","com.swaglabsmobileapp","android.permission.READ_MEDIA_VIDEO",";","pm","grant","com.swaglabsmobileapp","android.permission.READ_MEDIA_IMAGES",";"]]
[debug] [35m[ADB][39m Running '/Users/kalle.ollonqvist/Library/Android/sdk/platform-tools/adb -P 5037 -s emulator-5554 shell pm grant com.swaglabsmobileapp android.permission.CAMERA ; pm grant com.swaglabsmobileapp android.permission.ACCESS_COARSE_LOCATION ; pm grant com.swaglabsmobileapp android.permission.ACCESS_FINE_LOCATION ; pm grant com.swaglabsmobileapp android.permission.WRITE_EXTERNAL_STORAGE ; pm grant com.swaglabsmobileapp android.permission.READ_EXTERNAL_STORAGE ; pm grant com.swaglabsmobileapp android.permission.POST_NOTIFICATIONS ; pm grant com.swaglabsmobileapp android.permission.ACCESS_BACKGROUND_LOCATION ; pm grant com.swaglabsmobileapp android.permission.ACCESS_MEDIA_LOCATION ; pm grant com.swaglabsmobileapp android.permission.READ_MEDIA_AUDIO ; pm grant com.swaglabsmobileapp android.permission.READ_MEDIA_VIDEO ; pm grant com.swaglabsmobileapp android.permission.READ_MEDIA_IMAGES ;'
[debug] [35m[AndroidDriver][39m Performed fast reset on the installed 'com.swaglabsmobileapp' application (stop and clear)
[debug] [35m[UiAutomator2][39m Performing shallow cleanup of automation leftovers
[debug] [35m[UiAutomator2][39m No obsolete sessions have been detected (socket hang up)
[debug] [35m[ADB][39m Running '/Users/kalle.ollonqvist/Library/Android/sdk/platform-tools/adb -P 5037 -s emulator-5554 shell am force-stop io.appium.uiautomator2.server.test'
[35m[UiAutomator2][39m Starting UIAutomator2 server 4.27.0
[35m[UiAutomator2][39m Using UIAutomator2 server from '/Users/kalle.ollonqvist/Git/mobile-testing/node_modules/appium/node_modules/appium-uiautomator2-server/apks/appium-uiautomator2-server-v4.27.0.apk' and test from '/Users/kalle.ollonqvist/Git/mobile-testing/node_modules/appium/node_modules/appium-uiautomator2-server/apks/appium-uiautomator2-server-debug-androidTest.apk'
[35m[UiAutomator2][39m Waiting up to 30000ms for UiAutomator2 to be online...
[debug] [35m[ADB][39m Creating ADB subprocess with args: ["-P",5037,"-s","emulator-5554","shell","am","instrument","-w","-e","disableAnalytics",true,"io.appium.uiautomator2.server.test/androidx.test.runner.AndroidJUnitRunner"]
[debug] [35m[WD Proxy][39m Matched '/status' to command name 'getStatus'
[debug] [35m[WD Proxy][39m Proxying [GET /status] to [GET http://127.0.0.1:8205/wd/hub/status] with no body
[35m[WD Proxy][39m socket hang up
[debug] [35m[Instrumentation][39m io.appium.uiautomator2.server.test.AppiumUiAutomator2Server:
[debug] [35m[WD Proxy][39m Matched '/status' to command name 'getStatus'
[debug] [35m[WD Proxy][39m Proxying [GET /status] to [GET http://127.0.0.1:8205/wd/hub/status] with no body
[35m[WD Proxy][39m socket hang up
[debug] [35m[WD Proxy][39m Matched '/status' to command name 'getStatus'
[debug] [35m[WD Proxy][39m Proxying [GET /status] to [GET http://127.0.0.1:8205/wd/hub/status] with no body
[debug] [35m[WD Proxy][39m Got response with status 200: {"sessionId":"None","value":{"message":"UiAutomator2 Server is ready to accept commands","ready":true}}
[debug] [35m[UiAutomator2][39m The initialization of the instrumentation process took 2055ms
[debug] [35m[WD Proxy][39m Matched '/session' to command name 'createSession'
[debug] [35m[WD Proxy][39m Proxying [POST /session] to [POST http://127.0.0.1:8205/wd/hub/session] with body: {"capabilities":{"firstMatch":[{"platform":"LINUX","webStorageEnabled":false,"takesScreenshot":true,"javascriptEnabled":true,"databaseEnabled":false,"networkConnectionEnabled":true,"locationContextEnabled":false,"warnings":{},"desired":{"platformName":"Android","platformVersion":"13.0","deviceName":"Nexus 5","automationName":"UIAutomator2","app":"/Users/kalle.ollonqvist/Git/mobile-testing/app/android/Android.SauceLabs.Mobile.Sample.app.2.7.1.apk","appWaitActivity":"com.swaglabsmobileapp.*","autoGrantPermissions":true},"platformName":"Android","platformVersion":"13.0","deviceName":"emulator-5554","automationName":"UIAutomator2","app":"/Users/kalle.ollonqvist/Git/mobile-testing/app/android/Android.SauceLabs.Mobile.Sample.app.2.7.1.apk","appWaitActivity":"com.swaglabsmobileapp.*","autoGrantPermissions":true,"deviceUDID":"emulator-5554","appPackage":"com.swaglabsmobileapp"}],"alwaysMatch":{}}}
[debug] [35m[WD Proxy][39m Got response with status 200: {"sessionId":"6b42ad99-3c9a-4433-a7d8-0525dbab107c","value":{"capabilities":{"firstMatch":[{"platform":"LINUX","webStorageEnabled":false,"takesScreenshot":true,"javascriptEnabled":true,"databaseEnabled":false,"networkConnectionEnabled":true,"locationContextEnabled":false,"warnings":{},"desired":{"platformName":"Android","platformVersion":"13.0","deviceName":"Nexus 5","automationName":"UIAutomator2","app":"/Users/kalle.ollonqvist/Git/mobile-testing/app/android/Android.SauceLabs.Mobile.Sample.app.2.7.1.apk","appWaitActivity":"com.swaglabsmobileapp.*","autoGrantPermissions":true},"platformName":"Android","platformVersion":"13.0","deviceName":"emulator-5554","automationName":"UIAutomator2","app":"/Users/kalle.ollonqvist/Git/mobile-testing/app/android/Android.SauceLabs.Mobile.Sample.app.2.7.1.apk","appWaitActivity":"com.swaglabsmobileapp.*","autoGrantPermissions":true,"deviceUDID":"emulator-5554","appPackage":"com.swaglabsmobileapp"}],"alwaysMatch":{}},"sessionId":"6b42ad99-3c9a-4433-a7d8-0525dbab107c"}}
[35m[WD Proxy][39m Determined the downstream protocol as 'W3C'
[debug] [35m[WD Proxy][39m Proxying [GET /appium/device/info] to [GET http://127.0.0.1:8205/wd/hub/session/6b42ad99-3c9a-4433-a7d8-0525dbab107c/appium/device/info] with no body
[debug] [35m[WD Proxy][39m Got response with status 200: {"sessionId":"6b42ad99-3c9a-4433-a7d8-0525dbab107c","value":{"androidId":"36c86b11805bd326","apiVersion":"33","bluetooth":{"state":"ON"},"brand":"google","carrierName":"T-Mobile","displayDensity":440,"locale":"en_US","manufacturer":"Google","model":"sdk_gphone64_arm64","networks":[{"capabilities":{"SSID":null,"linkDownBandwidthKbps":30000,"linkUpstreamBandwidthKbps":12000,"networkCapabilities":"NET_CAPABILITY_NOT_METERED,NET_CAPABILITY_INTERNET,NET_CAPABILITY_NOT_RESTRICTED,NET_CAPABILITY_TRUSTED,NET_CAPABILITY_NOT_VPN,NET_CAPABILITY_VALIDATED,NET_CAPABILITY_NOT_ROAMING,NET_CAPABILITY_FOREGROUND,NET_CAPABILITY_NOT_CONGESTED,NET_CAPABILITY_NOT_SUSPENDED","signalStrength":-50,"transportTypes":"TRANSPORT_WIFI"},"detailedState":"CONNECTED","extraInfo":"","isAvailable":true,"isConnected":true,"isFailover":false,"isRoaming":false,"state":"CONNECTED","subtype":-1,"subtypeName":"","type":1,"typeName":"WIFI"},{"capabilities":{"SSID":null,"linkDownBandwidthKbps":70,"linkUpstreamBandwidthKbps":18,"networkCapabilities...
[debug] [35m[ADB][39m Running '/Users/kalle.ollonqvist/Library/Android/sdk/platform-tools/adb -P 5037 -s emulator-5554 shell dumpsys window'
[35m[AndroidDriver][39m Screen already unlocked, doing nothing
[35m[UiAutomator2][39m Starting 'com.swaglabsmobileapp/com.swaglabsmobileapp.SplashActivity and waiting for 'com.swaglabsmobileapp/com.swaglabsmobileapp.*'
[debug] [35m[ADB][39m Running '/Users/kalle.ollonqvist/Library/Android/sdk/platform-tools/adb -P 5037 -s emulator-5554 shell am start -W -n com.swaglabsmobileapp/com.swaglabsmobileapp.SplashActivity -S -a android.intent.action.MAIN -c android.intent.category.LAUNCHER -f 0x10200000'
[debug] [35m[ADB][39m Waiting up to 20000ms for activity matching pkg: 'com.swaglabsmobileapp' and activity: 'com.swaglabsmobileapp.*' to be focused
[debug] [35m[ADB][39m Possible activities, to be checked: 'com.swaglabsmobileapp.*', 'com.swaglabsmobileapp.com.swaglabsmobileapp.*'
[debug] [35m[ADB][39m Getting focused package and activity
[debug] [35m[ADB][39m Running '/Users/kalle.ollonqvist/Library/Android/sdk/platform-tools/adb -P 5037 -s emulator-5554 shell dumpsys window displays'
[debug] [35m[ADB][39m Found package: 'com.swaglabsmobileapp' and fully qualified activity name : 'com.swaglabsmobileapp.MainActivity'
[debug] [35m[WD Proxy][39m Proxying [GET /appium/device/pixel_ratio] to [GET http://127.0.0.1:8205/wd/hub/session/6b42ad99-3c9a-4433-a7d8-0525dbab107c/appium/device/pixel_ratio] with no body
[debug] [35m[WD Proxy][39m Got response with status 200: {"sessionId":"6b42ad99-3c9a-4433-a7d8-0525dbab107c","value":2.75}
[debug] [35m[WD Proxy][39m Matched '/appium/device/system_bars' to command name 'getSystemBars'
[debug] [35m[WD Proxy][39m Proxying [GET /appium/device/system_bars] to [GET http://127.0.0.1:8205/wd/hub/session/6b42ad99-3c9a-4433-a7d8-0525dbab107c/appium/device/system_bars] with no body
[debug] [35m[WD Proxy][39m Got response with status 200: {"sessionId":"6b42ad99-3c9a-4433-a7d8-0525dbab107c","value":{"statusBar":66}}
[debug] [35m[WD Proxy][39m Matched '/window/current/size' to command name 'getWindowSize'
[debug] [35m[WD Proxy][39m Proxying [GET /window/current/size] to [GET http://127.0.0.1:8205/wd/hub/session/6b42ad99-3c9a-4433-a7d8-0525dbab107c/window/current/size] with no body
[debug] [35m[WD Proxy][39m Got response with status 200: {"sessionId":"6b42ad99-3c9a-4433-a7d8-0525dbab107c","value":{"height":2274,"width":1080}}
[35m[Appium][39m New AndroidUiautomator2Driver session created successfully, session b0fc625f-e67e-4bfa-94e1-715bae64886c added to master session list
[debug] [35m[BaseDriver][39m Event 'newSessionStarted' logged at 1682304606488 (19:50:06 GMT-0700 (Pacific Daylight Time))
[debug] [35m[W3C (b0fc625f)][39m Cached the protocol value 'W3C' for the new session b0fc625f-e67e-4bfa-94e1-715bae64886c
[debug] [35m[W3C (b0fc625f)][39m Responding to client with driver.createSession() result: {"capabilities":{"platform":"LINUX","webStorageEnabled":false,"takesScreenshot":true,"javascriptEnabled":true,"databaseEnabled":false,"networkConnectionEnabled":true,"locationContextEnabled":false,"warnings":{},"desired":{"platformName":"Android","platformVersion":"13.0","deviceName":"Nexus 5","automationName":"UIAutomator2","app":"/Users/kalle.ollonqvist/Git/mobile-testing/app/android/Android.SauceLabs.Mobile.Sample.app.2.7.1.apk","appWaitActivity":"com.swaglabsmobileapp.*","autoGrantPermissions":true},"platformName":"Android","platformVersion":"13","deviceName":"emulator-5554","automationName":"UIAutomator2","app":"/Users/kalle.ollonqvist/Git/mobile-testing/app/android/Android.SauceLabs.Mobile.Sample.app.2.7.1.apk","appWaitActivity":"com.swaglabsmobileapp.*","autoGrantPermissions":true,"deviceUDID":"emulator-5554","appPackage":"com.swaglabsmobileapp","deviceApiLevel":33,"deviceScreenSize":"1080x2340","deviceScreenDensity":440,"deviceModel":"sdk_gphone64_arm64","deviceManufacturer":"Google","pixelRatio":2...
[35m[HTTP][39m [37m<-- POST /session [39m[32m200[39m [90m5579 ms - 1168[39m
[35m[HTTP][39m [90m[39m
[35m[HTTP][39m [37m-->[39m [37mPOST[39m [37m/session/b0fc625f-e67e-4bfa-94e1-715bae64886c/element[39m
[35m[HTTP][39m [90m{"using":"xpath","value":"//*[@content-desc=\"test-Username\" or @name=\"test-Username\"]"}[39m
[debug] [35m[W3C (b0fc625f)][39m Calling AppiumDriver.findElement() with args: ["xpath","//*[@content-desc=\"test-Username\" or @name=\"test-Username\"]","b0fc625f-e67e-4bfa-94e1-715bae64886c"]
[debug] [35m[BaseDriver][39m Valid locator strategies for this request: xpath, id, class name, accessibility id, css selector, -android uiautomator
[debug] [35m[BaseDriver][39m Waiting up to 0 ms for condition
[debug] [35m[WD Proxy][39m Matched '/element' to command name 'findElement'
[debug] [35m[WD Proxy][39m Proxying [POST /element] to [POST http://127.0.0.1:8205/wd/hub/session/6b42ad99-3c9a-4433-a7d8-0525dbab107c/element] with body: {"strategy":"xpath","selector":"//*[@content-desc=\"test-Username\" or @name=\"test-Username\"]","context":"","multiple":false}
[35m[WD Proxy][39m Got response with status 404: {"sessionId":"6b42ad99-3c9a-4433-a7d8-0525dbab107c","value":{"error":"no such element","message":"An element could not be located on the page using the given search parameters","stacktrace":"io.appium.uiautomator2.common.exceptions.ElementNotFoundException: An element could not be located on the page using the given search parameters\n\tat io.appium.uiautomator2.handler.FindElement.findElement(FindElement.java:90)\n\tat io.appium.uiautomator2.handler.FindElement.safeHandle(FindElement.java:67)\n\tat io.appium.uiautomator2.handler.request.SafeRequestHandler.handle(SafeRequestHandler.java:59)\n\tat io.appium.uiautomator2.server.AppiumServlet.handleRequest(AppiumServlet.java:266)\n\tat io.appium.uiautomator2.server.AppiumServlet.handleHttpRequest(AppiumServlet.java:260)\n\tat io.appium.uiautomator2.http.ServerHandler.channelRead(ServerHandler.java:68)\n\tat io.netty.channel.AbstractChannelHandlerContext.invokeChannelRead(AbstractChannelHandlerContext.java:366)\n\tat io.netty.channel.AbstractChannelHandlerCont...
[debug] [35m[W3C][39m Matched W3C error code 'no such element' to NoSuchElementError
[debug] [35m[W3C (b0fc625f)][39m Encountered internal error running command: NoSuchElementError: An element could not be located on the page using the given search parameters.
[debug] [35m[W3C (b0fc625f)][39m     at AndroidUiautomator2Driver.findElOrEls (/Users/kalle.ollonqvist/Git/mobile-testing/node_modules/appium/node_modules/appium-android-driver/lib/commands/find.js:75:11)
[debug] [35m[W3C (b0fc625f)][39m     at processTicksAndRejections (internal/process/task_queues.js:95:5)
[debug] [35m[W3C (b0fc625f)][39m     at AndroidUiautomator2Driver.findElOrElsWithProcessing (/Users/kalle.ollonqvist/Git/mobile-testing/node_modules/appium/node_modules/appium-base-driver/lib/basedriver/commands/find.js:33:12)
[debug] [35m[W3C (b0fc625f)][39m     at AndroidUiautomator2Driver.findElement (/Users/kalle.ollonqvist/Git/mobile-testing/node_modules/appium/node_modules/appium-base-driver/lib/basedriver/commands/find.js:53:10)
[35m[HTTP][39m [37m<-- POST /session/b0fc625f-e67e-4bfa-94e1-715bae64886c/element [39m[33m404[39m [90m136 ms - 864[39m
[35m[HTTP][39m [90m[39m
[35m[HTTP][39m [37m-->[39m [37mPOST[39m [37m/session/b0fc625f-e67e-4bfa-94e1-715bae64886c/elements[39m
[35m[HTTP][39m [90m{"using":"xpath","value":"//*[@content-desc=\"test-Username\" or @name=\"test-Username\"]"}[39m
[debug] [35m[W3C (b0fc625f)][39m Calling AppiumDriver.findElements() with args: ["xpath","//*[@content-desc=\"test-Username\" or @name=\"test-Username\"]","b0fc625f-e67e-4bfa-94e1-715bae64886c"]
[debug] [35m[BaseDriver][39m Valid locator strategies for this request: xpath, id, class name, accessibility id, css selector, -android uiautomator
[debug] [35m[BaseDriver][39m Waiting up to 0 ms for condition
[debug] [35m[WD Proxy][39m Matched '/elements' to command name 'findElements'
[debug] [35m[WD Proxy][39m Proxying [POST /elements] to [POST http://127.0.0.1:8205/wd/hub/session/6b42ad99-3c9a-4433-a7d8-0525dbab107c/elements] with body: {"strategy":"xpath","selector":"//*[@content-desc=\"test-Username\" or @name=\"test-Username\"]","context":"","multiple":true}
[debug] [35m[WD Proxy][39m Got response with status 200: {"sessionId":"6b42ad99-3c9a-4433-a7d8-0525dbab107c","value":[]}
[debug] [35m[W3C (b0fc625f)][39m Responding to client with driver.findElements() result: []
[35m[HTTP][39m [37m<-- POST /session/b0fc625f-e67e-4bfa-94e1-715bae64886c/elements [39m[32m200[39m [90m28 ms - 12[39m
[35m[HTTP][39m [90m[39m
[35m[HTTP][39m [37m-->[39m [37mPOST[39m [37m/session/b0fc625f-e67e-4bfa-94e1-715bae64886c/elements[39m
[35m[HTTP][39m [90m{"using":"xpath","value":"//*[@content-desc=\"test-Username\" or @name=\"test-Username\"]"}[39m
[debug] [35m[W3C (b0fc625f)][39m Calling AppiumDriver.findElements() with args: ["xpath","//*[@content-desc=\"test-Username\" or @name=\"test-Username\"]","b0fc625f-e67e-4bfa-94e1-715bae64886c"]
[debug] [35m[BaseDriver][39m Valid locator strategies for this request: xpath, id, class name, accessibility id, css selector, -android uiautomator
[debug] [35m[BaseDriver][39m Waiting up to 0 ms for condition
[debug] [35m[WD Proxy][39m Matched '/elements' to command name 'findElements'
[debug] [35m[WD Proxy][39m Proxying [POST /elements] to [POST http://127.0.0.1:8205/wd/hub/session/6b42ad99-3c9a-4433-a7d8-0525dbab107c/elements] with body: {"strategy":"xpath","selector":"//*[@content-desc=\"test-Username\" or @name=\"test-Username\"]","context":"","multiple":true}
[debug] [35m[WD Proxy][39m Got response with status 200: {"sessionId":"6b42ad99-3c9a-4433-a7d8-0525dbab107c","value":[{"ELEMENT":"00000000-0000-00de-ffff-ffff0000002b","element-6066-11e4-a52e-4f735466cecf":"00000000-0000-00de-ffff-ffff0000002b"}]}
[debug] [35m[W3C (b0fc625f)][39m Responding to client with driver.findElements() result: [{"element-6066-11e4-a52e-4f735466cecf":"00000000-0000-00de-ffff-ffff0000002b","ELEMENT":"00000000-0000-00de-ffff-ffff0000002b"}]
[35m[HTTP][39m [37m<-- POST /session/b0fc625f-e67e-4bfa-94e1-715bae64886c/elements [39m[32m200[39m [90m237 ms - 139[39m
[35m[HTTP][39m [90m[39m
[35m[HTTP][39m [37m-->[39m [37mPOST[39m [37m/session/b0fc625f-e67e-4bfa-94e1-715bae64886c/element[39m
[35m[HTTP][39m [90m{"using":"xpath","value":"//*[@content-desc=\"test-Username\" or @name=\"test-Username\"]"}[39m
[debug] [35m[W3C (b0fc625f)][39m Calling AppiumDriver.findElement() with args: ["xpath","//*[@content-desc=\"test-Username\" or @name=\"test-Username\"]","b0fc625f-e67e-4bfa-94e1-715bae64886c"]
[debug] [35m[BaseDriver][39m Valid locator strategies for this request: xpath, id, class name, accessibility id, css selector, -android uiautomator
[debug] [35m[BaseDriver][39m Waiting up to 0 ms for condition
[debug] [35m[WD Proxy][39m Matched '/element' to command name 'findElement'
[debug] [35m[WD Proxy][39m Proxying [POST /element] to [POST http://127.0.0.1:8205/wd/hub/session/6b42ad99-3c9a-4433-a7d8-0525dbab107c/element] with body: {"strategy":"xpath","selector":"//*[@content-desc=\"test-Username\" or @name=\"test-Username\"]","context":"","multiple":false}
[debug] [35m[WD Proxy][39m Got response with status 200: {"sessionId":"6b42ad99-3c9a-4433-a7d8-0525dbab107c","value":{"ELEMENT":"00000000-0000-00de-ffff-ffff0000002b","element-6066-11e4-a52e-4f735466cecf":"00000000-0000-00de-ffff-ffff0000002b"}}
[debug] [35m[W3C (b0fc625f)][39m Responding to client with driver.findElement() result: {"element-6066-11e4-a52e-4f735466cecf":"00000000-0000-00de-ffff-ffff0000002b","ELEMENT":"00000000-0000-00de-ffff-ffff0000002b"}
[35m[HTTP][39m [37m<-- POST /session/b0fc625f-e67e-4bfa-94e1-715bae64886c/element [39m[32m200[39m [90m34 ms - 137[39m
[35m[HTTP][39m [90m[39m
[35m[HTTP][39m [37m-->[39m [37mPOST[39m [37m/session/b0fc625f-e67e-4bfa-94e1-715bae64886c/element/00000000-0000-00de-ffff-ffff0000002b/clear[39m
[35m[HTTP][39m [90m{}[39m
[debug] [35m[W3C (b0fc625f)][39m Calling AppiumDriver.clear() with args: ["00000000-0000-00de-ffff-ffff0000002b","b0fc625f-e67e-4bfa-94e1-715bae64886c"]
[debug] [35m[WD Proxy][39m Matched '/element/00000000-0000-00de-ffff-ffff0000002b/clear' to command name 'clear'
[debug] [35m[WD Proxy][39m Proxying [POST /element/00000000-0000-00de-ffff-ffff0000002b/clear] to [POST http://127.0.0.1:8205/wd/hub/session/6b42ad99-3c9a-4433-a7d8-0525dbab107c/element/00000000-0000-00de-ffff-ffff0000002b/clear] with body: {"elementId":"00000000-0000-00de-ffff-ffff0000002b"}
[debug] [35m[WD Proxy][39m Got response with status 200: {"sessionId":"6b42ad99-3c9a-4433-a7d8-0525dbab107c","value":null}
[debug] [35m[W3C (b0fc625f)][39m Responding to client with driver.clear() result: null
[35m[HTTP][39m [37m<-- POST /session/b0fc625f-e67e-4bfa-94e1-715bae64886c/element/00000000-0000-00de-ffff-ffff0000002b/clear [39m[32m200[39m [90m9 ms - 14[39m
[35m[HTTP][39m [90m[39m
[35m[HTTP][39m [37m-->[39m [37mPOST[39m [37m/session/b0fc625f-e67e-4bfa-94e1-715bae64886c/element/00000000-0000-00de-ffff-ffff0000002b/value[39m
[35m[HTTP][39m [90m{"text":"standard_user"}[39m
[debug] [35m[W3C (b0fc625f)][39m Calling AppiumDriver.setValue() with args: ["standard_user","00000000-0000-00de-ffff-ffff0000002b","b0fc625f-e67e-4bfa-94e1-715bae64886c"]
[debug] [35m[WD Proxy][39m Matched '/element/00000000-0000-00de-ffff-ffff0000002b/value' to command name 'setValue'
[debug] [35m[Protocol Converter][39m Added 'value' property ["s","t","a","n","d","a","r","d","_","u","s","e","r"] to 'setValue' request body
[debug] [35m[WD Proxy][39m Proxying [POST /element/00000000-0000-00de-ffff-ffff0000002b/value] to [POST http://127.0.0.1:8205/wd/hub/session/6b42ad99-3c9a-4433-a7d8-0525dbab107c/element/00000000-0000-00de-ffff-ffff0000002b/value] with body: {"elementId":"00000000-0000-00de-ffff-ffff0000002b","text":"standard_user","replace":false,"value":["s","t","a","n","d","a","r","d","_","u","s","e","r"]}
[debug] [35m[WD Proxy][39m Got response with status 200: {"sessionId":"6b42ad99-3c9a-4433-a7d8-0525dbab107c","value":null}
[debug] [35m[W3C (b0fc625f)][39m Responding to client with driver.setValue() result: null
[35m[HTTP][39m [37m<-- POST /session/b0fc625f-e67e-4bfa-94e1-715bae64886c/element/00000000-0000-00de-ffff-ffff0000002b/value [39m[32m200[39m [90m1030 ms - 14[39m
[35m[HTTP][39m [90m[39m
[35m[HTTP][39m [37m-->[39m [37mPOST[39m [37m/session/b0fc625f-e67e-4bfa-94e1-715bae64886c/element[39m
[35m[HTTP][39m [90m{"using":"xpath","value":"//*[@content-desc=\"test-Password\" or @name=\"test-Password\"]"}[39m
[debug] [35m[W3C (b0fc625f)][39m Calling AppiumDriver.findElement() with args: ["xpath","//*[@content-desc=\"test-Password\" or @name=\"test-Password\"]","b0fc625f-e67e-4bfa-94e1-715bae64886c"]
[debug] [35m[BaseDriver][39m Valid locator strategies for this request: xpath, id, class name, accessibility id, css selector, -android uiautomator
[debug] [35m[BaseDriver][39m Waiting up to 0 ms for condition
[debug] [35m[WD Proxy][39m Matched '/element' to command name 'findElement'
[debug] [35m[WD Proxy][39m Proxying [POST /element] to [POST http://127.0.0.1:8205/wd/hub/session/6b42ad99-3c9a-4433-a7d8-0525dbab107c/element] with body: {"strategy":"xpath","selector":"//*[@content-desc=\"test-Password\" or @name=\"test-Password\"]","context":"","multiple":false}
[debug] [35m[WD Proxy][39m Got response with status 200: {"sessionId":"6b42ad99-3c9a-4433-a7d8-0525dbab107c","value":{"ELEMENT":"00000000-0000-00de-ffff-ffff0000002e","element-6066-11e4-a52e-4f735466cecf":"00000000-0000-00de-ffff-ffff0000002e"}}
[debug] [35m[W3C (b0fc625f)][39m Responding to client with driver.findElement() result: {"element-6066-11e4-a52e-4f735466cecf":"00000000-0000-00de-ffff-ffff0000002e","ELEMENT":"00000000-0000-00de-ffff-ffff0000002e"}
[35m[HTTP][39m [37m<-- POST /session/b0fc625f-e67e-4bfa-94e1-715bae64886c/element [39m[32m200[39m [90m140 ms - 137[39m
[35m[HTTP][39m [90m[39m
[35m[HTTP][39m [37m-->[39m [37mPOST[39m [37m/session/b0fc625f-e67e-4bfa-94e1-715bae64886c/element/00000000-0000-00de-ffff-ffff0000002e/clear[39m
[35m[HTTP][39m [90m{}[39m
[debug] [35m[W3C (b0fc625f)][39m Calling AppiumDriver.clear() with args: ["00000000-0000-00de-ffff-ffff0000002e","b0fc625f-e67e-4bfa-94e1-715bae64886c"]
[debug] [35m[WD Proxy][39m Matched '/element/00000000-0000-00de-ffff-ffff0000002e/clear' to command name 'clear'
[debug] [35m[WD Proxy][39m Proxying [POST /element/00000000-0000-00de-ffff-ffff0000002e/clear] to [POST http://127.0.0.1:8205/wd/hub/session/6b42ad99-3c9a-4433-a7d8-0525dbab107c/element/00000000-0000-00de-ffff-ffff0000002e/clear] with body: {"elementId":"00000000-0000-00de-ffff-ffff0000002e"}
[debug] [35m[WD Proxy][39m Got response with status 200: {"sessionId":"6b42ad99-3c9a-4433-a7d8-0525dbab107c","value":null}
[debug] [35m[W3C (b0fc625f)][39m Responding to client with driver.clear() result: null
[35m[HTTP][39m [37m<-- POST /session/b0fc625f-e67e-4bfa-94e1-715bae64886c/element/00000000-0000-00de-ffff-ffff0000002e/clear [39m[32m200[39m [90m357 ms - 14[39m
[35m[HTTP][39m [90m[39m
[35m[HTTP][39m [37m-->[39m [37mPOST[39m [37m/session/b0fc625f-e67e-4bfa-94e1-715bae64886c/element/00000000-0000-00de-ffff-ffff0000002e/value[39m
[35m[HTTP][39m [90m{"text":"secret_sauce"}[39m
[debug] [35m[W3C (b0fc625f)][39m Calling AppiumDriver.setValue() with args: ["secret_sauce","00000000-0000-00de-ffff-ffff0000002e","b0fc625f-e67e-4bfa-94e1-715bae64886c"]
[debug] [35m[WD Proxy][39m Matched '/element/00000000-0000-00de-ffff-ffff0000002e/value' to command name 'setValue'
[debug] [35m[Protocol Converter][39m Added 'value' property ["s","e","c","r","e","t","_","s","a","u","c","e"] to 'setValue' request body
[debug] [35m[WD Proxy][39m Proxying [POST /element/00000000-0000-00de-ffff-ffff0000002e/value] to [POST http://127.0.0.1:8205/wd/hub/session/6b42ad99-3c9a-4433-a7d8-0525dbab107c/element/00000000-0000-00de-ffff-ffff0000002e/value] with body: {"elementId":"00000000-0000-00de-ffff-ffff0000002e","text":"secret_sauce","replace":false,"value":["s","e","c","r","e","t","_","s","a","u","c","e"]}
[debug] [35m[WD Proxy][39m Got response with status 200: {"sessionId":"6b42ad99-3c9a-4433-a7d8-0525dbab107c","value":null}
[debug] [35m[W3C (b0fc625f)][39m Responding to client with driver.setValue() result: null
[35m[HTTP][39m [37m<-- POST /session/b0fc625f-e67e-4bfa-94e1-715bae64886c/element/00000000-0000-00de-ffff-ffff0000002e/value [39m[32m200[39m [90m1011 ms - 14[39m
[35m[HTTP][39m [90m[39m
[35m[HTTP][39m [37m-->[39m [37mPOST[39m [37m/session/b0fc625f-e67e-4bfa-94e1-715bae64886c/element[39m
[35m[HTTP][39m [90m{"using":"xpath","value":"//*[@content-desc=\"test-LOGIN\" or @name=\"test-LOGIN\"]"}[39m
[debug] [35m[W3C (b0fc625f)][39m Calling AppiumDriver.findElement() with args: ["xpath","//*[@content-desc=\"test-LOGIN\" or @name=\"test-LOGIN\"]","b0fc625f-e67e-4bfa-94e1-715bae64886c"]
[debug] [35m[BaseDriver][39m Valid locator strategies for this request: xpath, id, class name, accessibility id, css selector, -android uiautomator
[debug] [35m[BaseDriver][39m Waiting up to 0 ms for condition
[debug] [35m[WD Proxy][39m Matched '/element' to command name 'findElement'
[debug] [35m[WD Proxy][39m Proxying [POST /element] to [POST http://127.0.0.1:8205/wd/hub/session/6b42ad99-3c9a-4433-a7d8-0525dbab107c/element] with body: {"strategy":"xpath","selector":"//*[@content-desc=\"test-LOGIN\" or @name=\"test-LOGIN\"]","context":"","multiple":false}
[debug] [35m[WD Proxy][39m Got response with status 200: {"sessionId":"6b42ad99-3c9a-4433-a7d8-0525dbab107c","value":{"ELEMENT":"00000000-0000-00de-ffff-ffff0000002f","element-6066-11e4-a52e-4f735466cecf":"00000000-0000-00de-ffff-ffff0000002f"}}
[debug] [35m[W3C (b0fc625f)][39m Responding to client with driver.findElement() result: {"element-6066-11e4-a52e-4f735466cecf":"00000000-0000-00de-ffff-ffff0000002f","ELEMENT":"00000000-0000-00de-ffff-ffff0000002f"}
[35m[HTTP][39m [37m<-- POST /session/b0fc625f-e67e-4bfa-94e1-715bae64886c/element [39m[32m200[39m [90m529 ms - 137[39m
[35m[HTTP][39m [90m[39m
[35m[HTTP][39m [37m-->[39m [37mPOST[39m [37m/session/b0fc625f-e67e-4bfa-94e1-715bae64886c/element/00000000-0000-00de-ffff-ffff0000002f/click[39m
[35m[HTTP][39m [90m{}[39m
[debug] [35m[W3C (b0fc625f)][39m Calling AppiumDriver.click() with args: ["00000000-0000-00de-ffff-ffff0000002f","b0fc625f-e67e-4bfa-94e1-715bae64886c"]
[debug] [35m[WD Proxy][39m Matched '/element/00000000-0000-00de-ffff-ffff0000002f/click' to command name 'click'
[debug] [35m[WD Proxy][39m Proxying [POST /element/00000000-0000-00de-ffff-ffff0000002f/click] to [POST http://127.0.0.1:8205/wd/hub/session/6b42ad99-3c9a-4433-a7d8-0525dbab107c/element/00000000-0000-00de-ffff-ffff0000002f/click] with body: {"element":"00000000-0000-00de-ffff-ffff0000002f"}
[debug] [35m[WD Proxy][39m Got response with status 200: {"sessionId":"6b42ad99-3c9a-4433-a7d8-0525dbab107c","value":null}
[debug] [35m[W3C (b0fc625f)][39m Responding to client with driver.click() result: null
[35m[HTTP][39m [37m<-- POST /session/b0fc625f-e67e-4bfa-94e1-715bae64886c/element/00000000-0000-00de-ffff-ffff0000002f/click [39m[32m200[39m [90m38 ms - 14[39m
[35m[HTTP][39m [90m[39m
[35m[HTTP][39m [37m-->[39m [37mPOST[39m [37m/session/b0fc625f-e67e-4bfa-94e1-715bae64886c/element[39m
[35m[HTTP][39m [90m{"using":"xpath","value":"//*[@content-desc=\"test-PRODUCTS\" or @name=\"test-PRODUCTS\"]"}[39m
[debug] [35m[W3C (b0fc625f)][39m Calling AppiumDriver.findElement() with args: ["xpath","//*[@content-desc=\"test-PRODUCTS\" or @name=\"test-PRODUCTS\"]","b0fc625f-e67e-4bfa-94e1-715bae64886c"]
[debug] [35m[BaseDriver][39m Valid locator strategies for this request: xpath, id, class name, accessibility id, css selector, -android uiautomator
[debug] [35m[BaseDriver][39m Waiting up to 0 ms for condition
[debug] [35m[WD Proxy][39m Matched '/element' to command name 'findElement'
[debug] [35m[WD Proxy][39m Proxying [POST /element] to [POST http://127.0.0.1:8205/wd/hub/session/6b42ad99-3c9a-4433-a7d8-0525dbab107c/element] with body: {"strategy":"xpath","selector":"//*[@content-desc=\"test-PRODUCTS\" or @name=\"test-PRODUCTS\"]","context":"","multiple":false}
[35m[WD Proxy][39m Got response with status 404: {"sessionId":"6b42ad99-3c9a-4433-a7d8-0525dbab107c","value":{"error":"no such element","message":"An element could not be located on the page using the given search parameters","stacktrace":"io.appium.uiautomator2.common.exceptions.ElementNotFoundException: An element could not be located on the page using the given search parameters\n\tat io.appium.uiautomator2.handler.FindElement.findElement(FindElement.java:90)\n\tat io.appium.uiautomator2.handler.FindElement.safeHandle(FindElement.java:67)\n\tat io.appium.uiautomator2.handler.request.SafeRequestHandler.handle(SafeRequestHandler.java:59)\n\tat io.appium.uiautomator2.server.AppiumServlet.handleRequest(AppiumServlet.java:266)\n\tat io.appium.uiautomator2.server.AppiumServlet.handleHttpRequest(AppiumServlet.java:260)\n\tat io.appium.uiautomator2.http.ServerHandler.channelRead(ServerHandler.java:68)\n\tat io.netty.channel.AbstractChannelHandlerContext.invokeChannelRead(AbstractChannelHandlerContext.java:366)\n\tat io.netty.channel.AbstractChannelHandlerCont...
[debug] [35m[W3C][39m Matched W3C error code 'no such element' to NoSuchElementError
[debug] [35m[W3C (b0fc625f)][39m Encountered internal error running command: NoSuchElementError: An element could not be located on the page using the given search parameters.
[debug] [35m[W3C (b0fc625f)][39m     at AndroidUiautomator2Driver.findElOrEls (/Users/kalle.ollonqvist/Git/mobile-testing/node_modules/appium/node_modules/appium-android-driver/lib/commands/find.js:75:11)
[debug] [35m[W3C (b0fc625f)][39m     at processTicksAndRejections (internal/process/task_queues.js:95:5)
[debug] [35m[W3C (b0fc625f)][39m     at AndroidUiautomator2Driver.findElOrElsWithProcessing (/Users/kalle.ollonqvist/Git/mobile-testing/node_modules/appium/node_modules/appium-base-driver/lib/basedriver/commands/find.js:33:12)
[debug] [35m[W3C (b0fc625f)][39m     at AndroidUiautomator2Driver.findElement (/Users/kalle.ollonqvist/Git/mobile-testing/node_modules/appium/node_modules/appium-base-driver/lib/basedriver/commands/find.js:53:10)
[35m[HTTP][39m [37m<-- POST /session/b0fc625f-e67e-4bfa-94e1-715bae64886c/element [39m[33m404[39m [90m54 ms - 864[39m
[35m[HTTP][39m [90m[39m
[35m[HTTP][39m [37m-->[39m [37mPOST[39m [37m/session/b0fc625f-e67e-4bfa-94e1-715bae64886c/element[39m
[35m[HTTP][39m [90m{"using":"xpath","value":"//*[@content-desc=\"test-PRODUCTS\" or @name=\"test-PRODUCTS\"]"}[39m
[debug] [35m[W3C (b0fc625f)][39m Calling AppiumDriver.findElement() with args: ["xpath","//*[@content-desc=\"test-PRODUCTS\" or @name=\"test-PRODUCTS\"]","b0fc625f-e67e-4bfa-94e1-715bae64886c"]
[debug] [35m[BaseDriver][39m Valid locator strategies for this request: xpath, id, class name, accessibility id, css selector, -android uiautomator
[debug] [35m[BaseDriver][39m Waiting up to 0 ms for condition
[debug] [35m[WD Proxy][39m Matched '/element' to command name 'findElement'
[debug] [35m[WD Proxy][39m Proxying [POST /element] to [POST http://127.0.0.1:8205/wd/hub/session/6b42ad99-3c9a-4433-a7d8-0525dbab107c/element] with body: {"strategy":"xpath","selector":"//*[@content-desc=\"test-PRODUCTS\" or @name=\"test-PRODUCTS\"]","context":"","multiple":false}
[35m[WD Proxy][39m Got response with status 404: {"sessionId":"6b42ad99-3c9a-4433-a7d8-0525dbab107c","value":{"error":"no such element","message":"An element could not be located on the page using the given search parameters","stacktrace":"io.appium.uiautomator2.common.exceptions.ElementNotFoundException: An element could not be located on the page using the given search parameters\n\tat io.appium.uiautomator2.handler.FindElement.findElement(FindElement.java:90)\n\tat io.appium.uiautomator2.handler.FindElement.safeHandle(FindElement.java:67)\n\tat io.appium.uiautomator2.handler.request.SafeRequestHandler.handle(SafeRequestHandler.java:59)\n\tat io.appium.uiautomator2.server.AppiumServlet.handleRequest(AppiumServlet.java:266)\n\tat io.appium.uiautomator2.server.AppiumServlet.handleHttpRequest(AppiumServlet.java:260)\n\tat io.appium.uiautomator2.http.ServerHandler.channelRead(ServerHandler.java:68)\n\tat io.netty.channel.AbstractChannelHandlerContext.invokeChannelRead(AbstractChannelHandlerContext.java:366)\n\tat io.netty.channel.AbstractChannelHandlerCont...
[debug] [35m[W3C][39m Matched W3C error code 'no such element' to NoSuchElementError
[debug] [35m[W3C (b0fc625f)][39m Encountered internal error running command: NoSuchElementError: An element could not be located on the page using the given search parameters.
[debug] [35m[W3C (b0fc625f)][39m     at AndroidUiautomator2Driver.findElOrEls (/Users/kalle.ollonqvist/Git/mobile-testing/node_modules/appium/node_modules/appium-android-driver/lib/commands/find.js:75:11)
[debug] [35m[W3C (b0fc625f)][39m     at processTicksAndRejections (internal/process/task_queues.js:95:5)
[debug] [35m[W3C (b0fc625f)][39m     at AndroidUiautomator2Driver.findElOrElsWithProcessing (/Users/kalle.ollonqvist/Git/mobile-testing/node_modules/appium/node_modules/appium-base-driver/lib/basedriver/commands/find.js:33:12)
[debug] [35m[W3C (b0fc625f)][39m     at AndroidUiautomator2Driver.findElement (/Users/kalle.ollonqvist/Git/mobile-testing/node_modules/appium/node_modules/appium-base-driver/lib/basedriver/commands/find.js:53:10)
[35m[HTTP][39m [37m<-- POST /session/b0fc625f-e67e-4bfa-94e1-715bae64886c/element [39m[33m404[39m [90m275 ms - 864[39m
[35m[HTTP][39m [90m[39m
[35m[HTTP][39m [37m-->[39m [37mPOST[39m [37m/session/b0fc625f-e67e-4bfa-94e1-715bae64886c/element[39m
[35m[HTTP][39m [90m{"using":"xpath","value":"//*[@content-desc=\"test-PRODUCTS\" or @name=\"test-PRODUCTS\"]"}[39m
[debug] [35m[W3C (b0fc625f)][39m Calling AppiumDriver.findElement() with args: ["xpath","//*[@content-desc=\"test-PRODUCTS\" or @name=\"test-PRODUCTS\"]","b0fc625f-e67e-4bfa-94e1-715bae64886c"]
[debug] [35m[BaseDriver][39m Valid locator strategies for this request: xpath, id, class name, accessibility id, css selector, -android uiautomator
[debug] [35m[BaseDriver][39m Waiting up to 0 ms for condition
[debug] [35m[WD Proxy][39m Matched '/element' to command name 'findElement'
[debug] [35m[WD Proxy][39m Proxying [POST /element] to [POST http://127.0.0.1:8205/wd/hub/session/6b42ad99-3c9a-4433-a7d8-0525dbab107c/element] with body: {"strategy":"xpath","selector":"//*[@content-desc=\"test-PRODUCTS\" or @name=\"test-PRODUCTS\"]","context":"","multiple":false}
[debug] [35m[WD Proxy][39m Got response with status 200: {"sessionId":"6b42ad99-3c9a-4433-a7d8-0525dbab107c","value":{"ELEMENT":"00000000-0000-00de-ffff-ffff00000049","element-6066-11e4-a52e-4f735466cecf":"00000000-0000-00de-ffff-ffff00000049"}}
[debug] [35m[W3C (b0fc625f)][39m Responding to client with driver.findElement() result: {"element-6066-11e4-a52e-4f735466cecf":"00000000-0000-00de-ffff-ffff00000049","ELEMENT":"00000000-0000-00de-ffff-ffff00000049"}
[35m[HTTP][39m [37m<-- POST /session/b0fc625f-e67e-4bfa-94e1-715bae64886c/element [39m[32m200[39m [90m213 ms - 137[39m
[35m[HTTP][39m [90m[39m
[35m[HTTP][39m [37m-->[39m [37mGET[39m [37m/session/b0fc625f-e67e-4bfa-94e1-715bae64886c/element/00000000-0000-00de-ffff-ffff00000049/displayed[39m
[35m[HTTP][39m [90m{}[39m
[debug] [35m[W3C (b0fc625f)][39m Calling AppiumDriver.elementDisplayed() with args: ["00000000-0000-00de-ffff-ffff00000049","b0fc625f-e67e-4bfa-94e1-715bae64886c"]
[debug] [35m[WD Proxy][39m Matched '/element/00000000-0000-00de-ffff-ffff00000049/attribute/displayed' to command name 'getAttribute'
[debug] [35m[WD Proxy][39m Proxying [GET /element/00000000-0000-00de-ffff-ffff00000049/attribute/displayed] to [GET http://127.0.0.1:8205/wd/hub/session/6b42ad99-3c9a-4433-a7d8-0525dbab107c/element/00000000-0000-00de-ffff-ffff00000049/attribute/displayed] with no body
[debug] [35m[WD Proxy][39m Got response with status 200: {"sessionId":"6b42ad99-3c9a-4433-a7d8-0525dbab107c","value":"true"}
[debug] [35m[W3C (b0fc625f)][39m Responding to client with driver.elementDisplayed() result: true
[35m[HTTP][39m [37m<-- GET /session/b0fc625f-e67e-4bfa-94e1-715bae64886c/element/00000000-0000-00de-ffff-ffff00000049/displayed [39m[32m200[39m [90m13 ms - 14[39m
[35m[HTTP][39m [90m[39m
[35m[HTTP][39m [37m-->[39m [37mGET[39m [37m/session/b0fc625f-e67e-4bfa-94e1-715bae64886c/window/rect[39m
[35m[HTTP][39m [90m{}[39m
[debug] [35m[W3C (b0fc625f)][39m Calling AppiumDriver.getWindowRect() with args: ["b0fc625f-e67e-4bfa-94e1-715bae64886c"]
[debug] [35m[WD Proxy][39m Matched '/window/current/size' to command name 'getWindowSize'
[debug] [35m[WD Proxy][39m Proxying [GET /window/current/size] to [GET http://127.0.0.1:8205/wd/hub/session/6b42ad99-3c9a-4433-a7d8-0525dbab107c/window/current/size] with no body
[debug] [35m[WD Proxy][39m Got response with status 200: {"sessionId":"6b42ad99-3c9a-4433-a7d8-0525dbab107c","value":{"height":2274,"width":1080}}
[debug] [35m[W3C (b0fc625f)][39m Responding to client with driver.getWindowRect() result: {"width":1080,"height":2274,"x":0,"y":0}
[35m[HTTP][39m [37m<-- GET /session/b0fc625f-e67e-4bfa-94e1-715bae64886c/window/rect [39m[32m200[39m [90m9 ms - 50[39m
[35m[HTTP][39m [90m[39m
[35m[HTTP][39m [37m-->[39m [37mPOST[39m [37m/session/b0fc625f-e67e-4bfa-94e1-715bae64886c/actions[39m
[35m[HTTP][39m [90m{"actions":[{"type":"pointer","id":"finger1","parameters":{"pointerType":"touch"},"actions":[{"type":"pointerMove","duration":0,"x":540,"y":1819.2},{"type":"pointerDown","button":0},{"type":"pause","duration":100},{"type":"pointerMove","duration":1000,"x":540,"y":227.4},{"type":"pointerUp","button":0}]}]}[39m
[debug] [35m[W3C (b0fc625f)][39m Calling AppiumDriver.performActions() with args: [[{"type":"pointer","id":"finger1","parameters":{"pointerType":"touch"},"actions":[{"type":"pointerMove","duration":0,"x":540,"y":1819.2},{"type":"pointerDown","button":0},{"type":"pause","duration":100},{"type":"pointerMove","duration":1000,"x":540,"y":227.4},{"type":"pointerUp","button":0}]}],"b0fc625f-e67e-4bfa-94e1-715bae64886c"]
[debug] [35m[UiAutomator2][39m Received the following W3C actions: [
[debug] [35m[UiAutomator2][39m   {
[debug] [35m[UiAutomator2][39m     "type": "pointer",
[debug] [35m[UiAutomator2][39m     "id": "finger1",
[debug] [35m[UiAutomator2][39m     "parameters": {
[debug] [35m[UiAutomator2][39m       "pointerType": "touch"
[debug] [35m[UiAutomator2][39m     },
[debug] [35m[UiAutomator2][39m     "actions": [
[debug] [35m[UiAutomator2][39m       {
[debug] [35m[UiAutomator2][39m         "type": "pointerMove",
[debug] [35m[UiAutomator2][39m         "duration": 0,
[debug] [35m[UiAutomator2][39m         "x": 540,
[debug] [35m[UiAutomator2][39m         "y": 1819.2
[debug] [35m[UiAutomator2][39m       },
[debug] [35m[UiAutomator2][39m       {
[debug] [35m[UiAutomator2][39m         "type": "pointerDown",
[debug] [35m[UiAutomator2][39m         "button": 0
[debug] [35m[UiAutomator2][39m       },
[debug] [35m[UiAutomator2][39m       {
[debug] [35m[UiAutomator2][39m         "type": "pause",
[debug] [35m[UiAutomator2][39m         "duration": 100
[debug] [35m[UiAutomator2][39m       },
[debug] [35m[UiAutomator2][39m       {
[debug] [35m[UiAutomator2][39m         "type": "pointerMove",
[debug] [35m[UiAutomator2][39m         "duration": 1000,
[debug] [35m[UiAutomator2][39m         "x": 540,
[debug] [35m[UiAutomator2][39m         "y": 227.4
[debug] [35m[UiAutomator2][39m       },
[debug] [35m[UiAutomator2][39m       {
[debug] [35m[UiAutomator2][39m         "type": "pointerUp",
[debug] [35m[UiAutomator2][39m         "button": 0
[debug] [35m[UiAutomator2][39m       }
[debug] [35m[UiAutomator2][39m     ]
[debug] [35m[UiAutomator2][39m   }
[debug] [35m[UiAutomator2][39m ]
[debug] [35m[UiAutomator2][39m Preprocessed actions: [
[debug] [35m[UiAutomator2][39m   {
[debug] [35m[UiAutomator2][39m     "type": "pointer",
[debug] [35m[UiAutomator2][39m     "id": "finger1",
[debug] [35m[UiAutomator2][39m     "parameters": {
[debug] [35m[UiAutomator2][39m       "pointerType": "touch"
[debug] [35m[UiAutomator2][39m     },
[debug] [35m[UiAutomator2][39m     "actions": [
[debug] [35m[UiAutomator2][39m       {
[debug] [35m[UiAutomator2][39m         "type": "pointerMove",
[debug] [35m[UiAutomator2][39m         "duration": 0,
[debug] [35m[UiAutomator2][39m         "x": 540,
[debug] [35m[UiAutomator2][39m         "y": 1819.2
[debug] [35m[UiAutomator2][39m       },
[debug] [35m[UiAutomator2][39m       {
[debug] [35m[UiAutomator2][39m         "type": "pointerDown",
[debug] [35m[UiAutomator2][39m         "button": 0
[debug] [35m[UiAutomator2][39m       },
[debug] [35m[UiAutomator2][39m       {
[debug] [35m[UiAutomator2][39m         "type": "pause",
[debug] [35m[UiAutomator2][39m         "duration": 100
[debug] [35m[UiAutomator2][39m       },
[debug] [35m[UiAutomator2][39m       {
[debug] [35m[UiAutomator2][39m         "type": "pointerMove",
[debug] [35m[UiAutomator2][39m         "duration": 1000,
[debug] [35m[UiAutomator2][39m         "x": 540,
[debug] [35m[UiAutomator2][39m         "y": 227.4
[debug] [35m[UiAutomator2][39m       },
[debug] [35m[UiAutomator2][39m       {
[debug] [35m[UiAutomator2][39m         "type": "pointerUp",
[debug] [35m[UiAutomator2][39m         "button": 0
[debug] [35m[UiAutomator2][39m       }
[debug] [35m[UiAutomator2][39m     ]
[debug] [35m[UiAutomator2][39m   }
[debug] [35m[UiAutomator2][39m ]
[debug] [35m[WD Proxy][39m Matched '/actions' to command name 'performActions'
[debug] [35m[WD Proxy][39m Proxying [POST /actions] to [POST http://127.0.0.1:8205/wd/hub/session/6b42ad99-3c9a-4433-a7d8-0525dbab107c/actions] with body: {"actions":[{"type":"pointer","id":"finger1","parameters":{"pointerType":"touch"},"actions":[{"type":"pointerMove","duration":0,"x":540,"y":1819.2},{"type":"pointerDown","button":0},{"type":"pause","duration":100},{"type":"pointerMove","duration":1000,"x":540,"y":227.4},{"type":"pointerUp","button":0}]}]}
[debug] [35m[WD Proxy][39m Got response with status 200: {"sessionId":"6b42ad99-3c9a-4433-a7d8-0525dbab107c","value":null}
[debug] [35m[W3C (b0fc625f)][39m Responding to client with driver.performActions() result: null
[35m[HTTP][39m [37m<-- POST /session/b0fc625f-e67e-4bfa-94e1-715bae64886c/actions [39m[32m200[39m [90m1134 ms - 14[39m
[35m[HTTP][39m [90m[39m
[35m[HTTP][39m [37m-->[39m [37mPOST[39m [37m/session/b0fc625f-e67e-4bfa-94e1-715bae64886c/element[39m
[35m[HTTP][39m [90m{"using":"xpath","value":"//*[@text=\"Sauce Labs Onesie\" or @label=\"Sauce Labs Onesie\"]"}[39m
[debug] [35m[W3C (b0fc625f)][39m Calling AppiumDriver.findElement() with args: ["xpath","//*[@text=\"Sauce Labs Onesie\" or @label=\"Sauce Labs Onesie\"]","b0fc625f-e67e-4bfa-94e1-715bae64886c"]
[debug] [35m[BaseDriver][39m Valid locator strategies for this request: xpath, id, class name, accessibility id, css selector, -android uiautomator
[debug] [35m[BaseDriver][39m Waiting up to 0 ms for condition
[debug] [35m[WD Proxy][39m Matched '/element' to command name 'findElement'
[debug] [35m[WD Proxy][39m Proxying [POST /element] to [POST http://127.0.0.1:8205/wd/hub/session/6b42ad99-3c9a-4433-a7d8-0525dbab107c/element] with body: {"strategy":"xpath","selector":"//*[@text=\"Sauce Labs Onesie\" or @label=\"Sauce Labs Onesie\"]","context":"","multiple":false}
[debug] [35m[WD Proxy][39m Got response with status 200: {"sessionId":"6b42ad99-3c9a-4433-a7d8-0525dbab107c","value":{"ELEMENT":"00000000-0000-00de-ffff-ffff00000087","element-6066-11e4-a52e-4f735466cecf":"00000000-0000-00de-ffff-ffff00000087"}}
[debug] [35m[W3C (b0fc625f)][39m Responding to client with driver.findElement() result: {"element-6066-11e4-a52e-4f735466cecf":"00000000-0000-00de-ffff-ffff00000087","ELEMENT":"00000000-0000-00de-ffff-ffff00000087"}
[35m[HTTP][39m [37m<-- POST /session/b0fc625f-e67e-4bfa-94e1-715bae64886c/element [39m[32m200[39m [90m1054 ms - 137[39m
[35m[HTTP][39m [90m[39m
[35m[HTTP][39m [37m-->[39m [37mGET[39m [37m/session/b0fc625f-e67e-4bfa-94e1-715bae64886c/element/00000000-0000-00de-ffff-ffff00000087/displayed[39m
[35m[HTTP][39m [90m{}[39m
[debug] [35m[W3C (b0fc625f)][39m Calling AppiumDriver.elementDisplayed() with args: ["00000000-0000-00de-ffff-ffff00000087","b0fc625f-e67e-4bfa-94e1-715bae64886c"]
[debug] [35m[WD Proxy][39m Matched '/element/00000000-0000-00de-ffff-ffff00000087/attribute/displayed' to command name 'getAttribute'
[debug] [35m[WD Proxy][39m Proxying [GET /element/00000000-0000-00de-ffff-ffff00000087/attribute/displayed] to [GET http://127.0.0.1:8205/wd/hub/session/6b42ad99-3c9a-4433-a7d8-0525dbab107c/element/00000000-0000-00de-ffff-ffff00000087/attribute/displayed] with no body
[debug] [35m[WD Proxy][39m Got response with status 200: {"sessionId":"6b42ad99-3c9a-4433-a7d8-0525dbab107c","value":"true"}
[debug] [35m[W3C (b0fc625f)][39m Responding to client with driver.elementDisplayed() result: true
[35m[HTTP][39m [37m<-- GET /session/b0fc625f-e67e-4bfa-94e1-715bae64886c/element/00000000-0000-00de-ffff-ffff00000087/displayed [39m[32m200[39m [90m8 ms - 14[39m
[35m[HTTP][39m [90m[39m
[35m[HTTP][39m [37m-->[39m [37mPOST[39m [37m/session/b0fc625f-e67e-4bfa-94e1-715bae64886c/element[39m
[35m[HTTP][39m [90m{"using":"xpath","value":"//*[@text=\"Sauce Labs Onesie\" or @label=\"Sauce Labs Onesie\"]"}[39m
[debug] [35m[W3C (b0fc625f)][39m Calling AppiumDriver.findElement() with args: ["xpath","//*[@text=\"Sauce Labs Onesie\" or @label=\"Sauce Labs Onesie\"]","b0fc625f-e67e-4bfa-94e1-715bae64886c"]
[debug] [35m[BaseDriver][39m Valid locator strategies for this request: xpath, id, class name, accessibility id, css selector, -android uiautomator
[debug] [35m[BaseDriver][39m Waiting up to 0 ms for condition
[debug] [35m[WD Proxy][39m Matched '/element' to command name 'findElement'
[debug] [35m[WD Proxy][39m Proxying [POST /element] to [POST http://127.0.0.1:8205/wd/hub/session/6b42ad99-3c9a-4433-a7d8-0525dbab107c/element] with body: {"strategy":"xpath","selector":"//*[@text=\"Sauce Labs Onesie\" or @label=\"Sauce Labs Onesie\"]","context":"","multiple":false}
[debug] [35m[WD Proxy][39m Got response with status 200: {"sessionId":"6b42ad99-3c9a-4433-a7d8-0525dbab107c","value":{"ELEMENT":"00000000-0000-00de-ffff-ffff00000087","element-6066-11e4-a52e-4f735466cecf":"00000000-0000-00de-ffff-ffff00000087"}}
[debug] [35m[W3C (b0fc625f)][39m Responding to client with driver.findElement() result: {"element-6066-11e4-a52e-4f735466cecf":"00000000-0000-00de-ffff-ffff00000087","ELEMENT":"00000000-0000-00de-ffff-ffff00000087"}
[35m[HTTP][39m [37m<-- POST /session/b0fc625f-e67e-4bfa-94e1-715bae64886c/element [39m[32m200[39m [90m35 ms - 137[39m
[35m[HTTP][39m [90m[39m
[35m[HTTP][39m [37m-->[39m [37mPOST[39m [37m/session/b0fc625f-e67e-4bfa-94e1-715bae64886c/element/00000000-0000-00de-ffff-ffff00000087/click[39m
[35m[HTTP][39m [90m{}[39m
[debug] [35m[W3C (b0fc625f)][39m Calling AppiumDriver.click() with args: ["00000000-0000-00de-ffff-ffff00000087","b0fc625f-e67e-4bfa-94e1-715bae64886c"]
[debug] [35m[WD Proxy][39m Matched '/element/00000000-0000-00de-ffff-ffff00000087/click' to command name 'click'
[debug] [35m[WD Proxy][39m Proxying [POST /element/00000000-0000-00de-ffff-ffff00000087/click] to [POST http://127.0.0.1:8205/wd/hub/session/6b42ad99-3c9a-4433-a7d8-0525dbab107c/element/00000000-0000-00de-ffff-ffff00000087/click] with body: {"element":"00000000-0000-00de-ffff-ffff00000087"}
[debug] [35m[WD Proxy][39m Got response with status 200: {"sessionId":"6b42ad99-3c9a-4433-a7d8-0525dbab107c","value":null}
[debug] [35m[W3C (b0fc625f)][39m Responding to client with driver.click() result: null
[35m[HTTP][39m [37m<-- POST /session/b0fc625f-e67e-4bfa-94e1-715bae64886c/element/00000000-0000-00de-ffff-ffff00000087/click [39m[32m200[39m [90m40 ms - 14[39m
[35m[HTTP][39m [90m[39m
[35m[HTTP][39m [37m-->[39m [37mPOST[39m [37m/session/b0fc625f-e67e-4bfa-94e1-715bae64886c/element[39m
[35m[HTTP][39m [90m{"using":"xpath","value":"//*[@text=\"Sauce Labs Onesie\" or @label=\"Sauce Labs Onesie\"]"}[39m
[debug] [35m[W3C (b0fc625f)][39m Calling AppiumDriver.findElement() with args: ["xpath","//*[@text=\"Sauce Labs Onesie\" or @label=\"Sauce Labs Onesie\"]","b0fc625f-e67e-4bfa-94e1-715bae64886c"]
[debug] [35m[BaseDriver][39m Valid locator strategies for this request: xpath, id, class name, accessibility id, css selector, -android uiautomator
[debug] [35m[BaseDriver][39m Waiting up to 0 ms for condition
[debug] [35m[WD Proxy][39m Matched '/element' to command name 'findElement'
[debug] [35m[WD Proxy][39m Proxying [POST /element] to [POST http://127.0.0.1:8205/wd/hub/session/6b42ad99-3c9a-4433-a7d8-0525dbab107c/element] with body: {"strategy":"xpath","selector":"//*[@text=\"Sauce Labs Onesie\" or @label=\"Sauce Labs Onesie\"]","context":"","multiple":false}
[debug] [35m[WD Proxy][39m Got response with status 200: {"sessionId":"6b42ad99-3c9a-4433-a7d8-0525dbab107c","value":{"ELEMENT":"00000000-0000-00de-ffff-ffff00000087","element-6066-11e4-a52e-4f735466cecf":"00000000-0000-00de-ffff-ffff00000087"}}
[debug] [35m[W3C (b0fc625f)][39m Responding to client with driver.findElement() result: {"element-6066-11e4-a52e-4f735466cecf":"00000000-0000-00de-ffff-ffff00000087","ELEMENT":"00000000-0000-00de-ffff-ffff00000087"}
[35m[HTTP][39m [37m<-- POST /session/b0fc625f-e67e-4bfa-94e1-715bae64886c/element [39m[32m200[39m [90m98 ms - 137[39m
[35m[HTTP][39m [90m[39m
[35m[HTTP][39m [37m-->[39m [37mGET[39m [37m/session/b0fc625f-e67e-4bfa-94e1-715bae64886c/element/00000000-0000-00de-ffff-ffff00000087/displayed[39m
[35m[HTTP][39m [90m{}[39m
[debug] [35m[W3C (b0fc625f)][39m Calling AppiumDriver.elementDisplayed() with args: ["00000000-0000-00de-ffff-ffff00000087","b0fc625f-e67e-4bfa-94e1-715bae64886c"]
[debug] [35m[WD Proxy][39m Matched '/element/00000000-0000-00de-ffff-ffff00000087/attribute/displayed' to command name 'getAttribute'
[debug] [35m[WD Proxy][39m Proxying [GET /element/00000000-0000-00de-ffff-ffff00000087/attribute/displayed] to [GET http://127.0.0.1:8205/wd/hub/session/6b42ad99-3c9a-4433-a7d8-0525dbab107c/element/00000000-0000-00de-ffff-ffff00000087/attribute/displayed] with no body
[debug] [35m[WD Proxy][39m Got response with status 200: {"sessionId":"6b42ad99-3c9a-4433-a7d8-0525dbab107c","value":"false"}
[debug] [35m[W3C (b0fc625f)][39m Responding to client with driver.elementDisplayed() result: false
[35m[HTTP][39m [37m<-- GET /session/b0fc625f-e67e-4bfa-94e1-715bae64886c/element/00000000-0000-00de-ffff-ffff00000087/displayed [39m[32m200[39m [90m830 ms - 15[39m
[35m[HTTP][39m [90m[39m
[35m[HTTP][39m [37m-->[39m [37mGET[39m [37m/session/b0fc625f-e67e-4bfa-94e1-715bae64886c/element/00000000-0000-00de-ffff-ffff00000087/displayed[39m
[35m[HTTP][39m [90m{}[39m
[debug] [35m[W3C (b0fc625f)][39m Calling AppiumDriver.elementDisplayed() with args: ["00000000-0000-00de-ffff-ffff00000087","b0fc625f-e67e-4bfa-94e1-715bae64886c"]
[debug] [35m[WD Proxy][39m Matched '/element/00000000-0000-00de-ffff-ffff00000087/attribute/displayed' to command name 'getAttribute'
[debug] [35m[WD Proxy][39m Proxying [GET /element/00000000-0000-00de-ffff-ffff00000087/attribute/displayed] to [GET http://127.0.0.1:8205/wd/hub/session/6b42ad99-3c9a-4433-a7d8-0525dbab107c/element/00000000-0000-00de-ffff-ffff00000087/attribute/displayed] with no body
[debug] [35m[WD Proxy][39m Got response with status 200: {"sessionId":"6b42ad99-3c9a-4433-a7d8-0525dbab107c","value":"false"}
[debug] [35m[W3C (b0fc625f)][39m Responding to client with driver.elementDisplayed() result: false
[35m[HTTP][39m [37m<-- GET /session/b0fc625f-e67e-4bfa-94e1-715bae64886c/element/00000000-0000-00de-ffff-ffff00000087/displayed [39m[32m200[39m [90m18 ms - 15[39m
[35m[HTTP][39m [90m[39m
[35m[HTTP][39m [37m-->[39m [37mGET[39m [37m/session/b0fc625f-e67e-4bfa-94e1-715bae64886c/element/00000000-0000-00de-ffff-ffff00000087/displayed[39m
[35m[HTTP][39m [90m{}[39m
[debug] [35m[W3C (b0fc625f)][39m Calling AppiumDriver.elementDisplayed() with args: ["00000000-0000-00de-ffff-ffff00000087","b0fc625f-e67e-4bfa-94e1-715bae64886c"]
[debug] [35m[WD Proxy][39m Matched '/element/00000000-0000-00de-ffff-ffff00000087/attribute/displayed' to command name 'getAttribute'
[debug] [35m[WD Proxy][39m Proxying [GET /element/00000000-0000-00de-ffff-ffff00000087/attribute/displayed] to [GET http://127.0.0.1:8205/wd/hub/session/6b42ad99-3c9a-4433-a7d8-0525dbab107c/element/00000000-0000-00de-ffff-ffff00000087/attribute/displayed] with no body
[debug] [35m[WD Proxy][39m Got response with status 200: {"sessionId":"6b42ad99-3c9a-4433-a7d8-0525dbab107c","value":"false"}
[debug] [35m[W3C (b0fc625f)][39m Responding to client with driver.elementDisplayed() result: false
[35m[HTTP][39m [37m<-- GET /session/b0fc625f-e67e-4bfa-94e1-715bae64886c/element/00000000-0000-00de-ffff-ffff00000087/displayed [39m[32m200[39m [90m13 ms - 15[39m
[35m[HTTP][39m [90m[39m
[35m[HTTP][39m [37m-->[39m [37mGET[39m [37m/session/b0fc625f-e67e-4bfa-94e1-715bae64886c/element/00000000-0000-00de-ffff-ffff00000087/displayed[39m
[35m[HTTP][39m [90m{}[39m
[debug] [35m[W3C (b0fc625f)][39m Calling AppiumDriver.elementDisplayed() with args: ["00000000-0000-00de-ffff-ffff00000087","b0fc625f-e67e-4bfa-94e1-715bae64886c"]
[debug] [35m[WD Proxy][39m Matched '/element/00000000-0000-00de-ffff-ffff00000087/attribute/displayed' to command name 'getAttribute'
[debug] [35m[WD Proxy][39m Proxying [GET /element/00000000-0000-00de-ffff-ffff00000087/attribute/displayed] to [GET http://127.0.0.1:8205/wd/hub/session/6b42ad99-3c9a-4433-a7d8-0525dbab107c/element/00000000-0000-00de-ffff-ffff00000087/attribute/displayed] with no body
[debug] [35m[WD Proxy][39m Got response with status 200: {"sessionId":"6b42ad99-3c9a-4433-a7d8-0525dbab107c","value":"false"}
[debug] [35m[W3C (b0fc625f)][39m Responding to client with driver.elementDisplayed() result: false
[35m[HTTP][39m [37m<-- GET /session/b0fc625f-e67e-4bfa-94e1-715bae64886c/element/00000000-0000-00de-ffff-ffff00000087/displayed [39m[32m200[39m [90m15 ms - 15[39m
[35m[HTTP][39m [90m[39m
[35m[Appium][39m Received SIGINT - shutting down
[debug] [35m[Appium][39m Cleaning up 1 active session
[35m[Appium][39m Closing session, cause was 'The process has received SIGINT signal'
[35m[Appium][39m Removing session 'b0fc625f-e67e-4bfa-94e1-715bae64886c' from our master session list
[debug] [35m[UiAutomator2][39m Deleting UiAutomator2 session
[debug] [35m[UiAutomator2][39m Deleting UiAutomator2 server session
[debug] [35m[WD Proxy][39m Matched '/' to command name 'deleteSession'
[debug] [35m[WD Proxy][39m Proxying [DELETE /] to [DELETE http://127.0.0.1:8205/wd/hub/session/6b42ad99-3c9a-4433-a7d8-0525dbab107c] with no body
[35m[HTTP][39m [37m-->[39m [37mDELETE[39m [37m/session/b0fc625f-e67e-4bfa-94e1-715bae64886c[39m
[35m[HTTP][39m [90m{}[39m
[debug] [35m[W3C (b0fc625f)][39m Encountered internal error running command: NoSuchDriverError: A session is either terminated or not started
[debug] [35m[W3C (b0fc625f)][39m     at asyncHandler (/Users/kalle.ollonqvist/Git/mobile-testing/node_modules/appium/node_modules/appium-base-driver/lib/protocol/protocol.js:243:15)
[debug] [35m[W3C (b0fc625f)][39m     at /Users/kalle.ollonqvist/Git/mobile-testing/node_modules/appium/node_modules/appium-base-driver/lib/protocol/protocol.js:423:15
[debug] [35m[W3C (b0fc625f)][39m     at Layer.handle [as handle_request] (/Users/kalle.ollonqvist/Git/mobile-testing/node_modules/appium/node_modules/express/lib/router/layer.js:95:5)
[debug] [35m[W3C (b0fc625f)][39m     at next (/Users/kalle.ollonqvist/Git/mobile-testing/node_modules/appium/node_modules/express/lib/router/route.js:137:13)
[debug] [35m[W3C (b0fc625f)][39m     at Route.dispatch (/Users/kalle.ollonqvist/Git/mobile-testing/node_modules/appium/node_modules/express/lib/router/route.js:112:3)
[debug] [35m[W3C (b0fc625f)][39m     at Layer.handle [as handle_request] (/Users/kalle.ollonqvist/Git/mobile-testing/node_modules/appium/node_modules/express/lib/router/layer.js:95:5)
[debug] [35m[W3C (b0fc625f)][39m     at /Users/kalle.ollonqvist/Git/mobile-testing/node_modules/appium/node_modules/express/lib/router/index.js:281:22
[debug] [35m[W3C (b0fc625f)][39m     at param (/Users/kalle.ollonqvist/Git/mobile-testing/node_modules/appium/node_modules/express/lib/router/index.js:354:14)
[debug] [35m[W3C (b0fc625f)][39m     at param (/Users/kalle.ollonqvist/Git/mobile-testing/node_modules/appium/node_modules/express/lib/router/index.js:365:14)
[debug] [35m[W3C (b0fc625f)][39m     at Function.process_params (/Users/kalle.ollonqvist/Git/mobile-testing/node_modules/appium/node_modules/express/lib/router/index.js:410:3)
[debug] [35m[W3C (b0fc625f)][39m     at next (/Users/kalle.ollonqvist/Git/mobile-testing/node_modules/appium/node_modules/express/lib/router/index.js:275:10)
[debug] [35m[W3C (b0fc625f)][39m     at logger (/Users/kalle.ollonqvist/Git/mobile-testing/node_modules/appium/node_modules/morgan/index.js:144:5)
[debug] [35m[W3C (b0fc625f)][39m     at Layer.handle [as handle_request] (/Users/kalle.ollonqvist/Git/mobile-testing/node_modules/appium/node_modules/express/lib/router/layer.js:95:5)
[debug] [35m[W3C (b0fc625f)][39m     at trim_prefix (/Users/kalle.ollonqvist/Git/mobile-testing/node_modules/appium/node_modules/express/lib/router/index.js:317:13)
[debug] [35m[W3C (b0fc625f)][39m     at /Users/kalle.ollonqvist/Git/mobile-testing/node_modules/appium/node_modules/express/lib/router/index.js:284:7
[debug] [35m[W3C (b0fc625f)][39m     at Function.process_params (/Users/kalle.ollonqvist/Git/mobile-testing/node_modules/appium/node_modules/express/lib/router/index.js:335:12)
[35m[HTTP][39m [37m<-- DELETE /session/b0fc625f-e67e-4bfa-94e1-715bae64886c [39m[33m404[39m [90m19 ms - 2334[39m
[35m[HTTP][39m [90m[39m
[35m[Logcat][39m Logcat terminated with code null, signal SIGINT
[debug] [35m[Instrumentation][39m The process has exited with code null
[35m[HTTP][39m [37m-->[39m [37mDELETE[39m [37m/session/b0fc625f-e67e-4bfa-94e1-715bae64886c[39m
[35m[HTTP][39m [90m{}[39m
[debug] [35m[W3C (b0fc625f)][39m Encountered internal error running command: NoSuchDriverError: A session is either terminated or not started
[debug] [35m[W3C (b0fc625f)][39m     at asyncHandler (/Users/kalle.ollonqvist/Git/mobile-testing/node_modules/appium/node_modules/appium-base-driver/lib/protocol/protocol.js:243:15)
[debug] [35m[W3C (b0fc625f)][39m     at /Users/kalle.ollonqvist/Git/mobile-testing/node_modules/appium/node_modules/appium-base-driver/lib/protocol/protocol.js:423:15
[debug] [35m[W3C (b0fc625f)][39m     at Layer.handle [as handle_request] (/Users/kalle.ollonqvist/Git/mobile-testing/node_modules/appium/node_modules/express/lib/router/layer.js:95:5)
[debug] [35m[W3C (b0fc625f)][39m     at next (/Users/kalle.ollonqvist/Git/mobile-testing/node_modules/appium/node_modules/express/lib/router/route.js:137:13)
[debug] [35m[W3C (b0fc625f)][39m     at Route.dispatch (/Users/kalle.ollonqvist/Git/mobile-testing/node_modules/appium/node_modules/express/lib/router/route.js:112:3)
[debug] [35m[W3C (b0fc625f)][39m     at Layer.handle [as handle_request] (/Users/kalle.ollonqvist/Git/mobile-testing/node_modules/appium/node_modules/express/lib/router/layer.js:95:5)
[debug] [35m[W3C (b0fc625f)][39m     at /Users/kalle.ollonqvist/Git/mobile-testing/node_modules/appium/node_modules/express/lib/router/index.js:281:22
[debug] [35m[W3C (b0fc625f)][39m     at param (/Users/kalle.ollonqvist/Git/mobile-testing/node_modules/appium/node_modules/express/lib/router/index.js:354:14)
[debug] [35m[W3C (b0fc625f)][39m     at param (/Users/kalle.ollonqvist/Git/mobile-testing/node_modules/appium/node_modules/express/lib/router/index.js:365:14)
[debug] [35m[W3C (b0fc625f)][39m     at Function.process_params (/Users/kalle.ollonqvist/Git/mobile-testing/node_modules/appium/node_modules/express/lib/router/index.js:410:3)
[debug] [35m[W3C (b0fc625f)][39m     at next (/Users/kalle.ollonqvist/Git/mobile-testing/node_modules/appium/node_modules/express/lib/router/index.js:275:10)
[debug] [35m[W3C (b0fc625f)][39m     at logger (/Users/kalle.ollonqvist/Git/mobile-testing/node_modules/appium/node_modules/morgan/index.js:144:5)
[debug] [35m[W3C (b0fc625f)][39m     at Layer.handle [as handle_request] (/Users/kalle.ollonqvist/Git/mobile-testing/node_modules/appium/node_modules/express/lib/router/layer.js:95:5)
[debug] [35m[W3C (b0fc625f)][39m     at trim_prefix (/Users/kalle.ollonqvist/Git/mobile-testing/node_modules/appium/node_modules/express/lib/router/index.js:317:13)
[debug] [35m[W3C (b0fc625f)][39m     at /Users/kalle.ollonqvist/Git/mobile-testing/node_modules/appium/node_modules/express/lib/router/index.js:284:7
[debug] [35m[W3C (b0fc625f)][39m     at Function.process_params (/Users/kalle.ollonqvist/Git/mobile-testing/node_modules/appium/node_modules/express/lib/router/index.js:335:12)
[35m[HTTP][39m [37m<-- DELETE /session/b0fc625f-e67e-4bfa-94e1-715bae64886c [39m[33m404[39m [90m1 ms - 2334[39m
[35m[HTTP][39m [90m[39m
[debug] [35m[WD Proxy][39m Got response with status 200: {"sessionId":"6b42ad99-3c9a-4433-a7d8-0525dbab107c","value":null}
[debug] [35m[ADB][39m Running '/Users/kalle.ollonqvist/Library/Android/sdk/platform-tools/adb -P 5037 -s emulator-5554 shell am force-stop com.swaglabsmobileapp'
[35m[HTTP][39m [37m-->[39m [37mDELETE[39m [37m/session/b0fc625f-e67e-4bfa-94e1-715bae64886c[39m
[35m[HTTP][39m [90m{}[39m
[debug] [35m[W3C (b0fc625f)][39m Encountered internal error running command: NoSuchDriverError: A session is either terminated or not started
[debug] [35m[W3C (b0fc625f)][39m     at asyncHandler (/Users/kalle.ollonqvist/Git/mobile-testing/node_modules/appium/node_modules/appium-base-driver/lib/protocol/protocol.js:243:15)
[debug] [35m[W3C (b0fc625f)][39m     at /Users/kalle.ollonqvist/Git/mobile-testing/node_modules/appium/node_modules/appium-base-driver/lib/protocol/protocol.js:423:15
[debug] [35m[W3C (b0fc625f)][39m     at Layer.handle [as handle_request] (/Users/kalle.ollonqvist/Git/mobile-testing/node_modules/appium/node_modules/express/lib/router/layer.js:95:5)
[debug] [35m[W3C (b0fc625f)][39m     at next (/Users/kalle.ollonqvist/Git/mobile-testing/node_modules/appium/node_modules/express/lib/router/route.js:137:13)
[debug] [35m[W3C (b0fc625f)][39m     at Route.dispatch (/Users/kalle.ollonqvist/Git/mobile-testing/node_modules/appium/node_modules/express/lib/router/route.js:112:3)
[debug] [35m[W3C (b0fc625f)][39m     at Layer.handle [as handle_request] (/Users/kalle.ollonqvist/Git/mobile-testing/node_modules/appium/node_modules/express/lib/router/layer.js:95:5)
[debug] [35m[W3C (b0fc625f)][39m     at /Users/kalle.ollonqvist/Git/mobile-testing/node_modules/appium/node_modules/express/lib/router/index.js:281:22
[debug] [35m[W3C (b0fc625f)][39m     at param (/Users/kalle.ollonqvist/Git/mobile-testing/node_modules/appium/node_modules/express/lib/router/index.js:354:14)
[debug] [35m[W3C (b0fc625f)][39m     at param (/Users/kalle.ollonqvist/Git/mobile-testing/node_modules/appium/node_modules/express/lib/router/index.js:365:14)
[debug] [35m[W3C (b0fc625f)][39m     at Function.process_params (/Users/kalle.ollonqvist/Git/mobile-testing/node_modules/appium/node_modules/express/lib/router/index.js:410:3)
[debug] [35m[W3C (b0fc625f)][39m     at next (/Users/kalle.ollonqvist/Git/mobile-testing/node_modules/appium/node_modules/express/lib/router/index.js:275:10)
[debug] [35m[W3C (b0fc625f)][39m     at logger (/Users/kalle.ollonqvist/Git/mobile-testing/node_modules/appium/node_modules/morgan/index.js:144:5)
[debug] [35m[W3C (b0fc625f)][39m     at Layer.handle [as handle_request] (/Users/kalle.ollonqvist/Git/mobile-testing/node_modules/appium/node_modules/express/lib/router/layer.js:95:5)
[debug] [35m[W3C (b0fc625f)][39m     at trim_prefix (/Users/kalle.ollonqvist/Git/mobile-testing/node_modules/appium/node_modules/express/lib/router/index.js:317:13)
[debug] [35m[W3C (b0fc625f)][39m     at /Users/kalle.ollonqvist/Git/mobile-testing/node_modules/appium/node_modules/express/lib/router/index.js:284:7
[debug] [35m[W3C (b0fc625f)][39m     at Function.process_params (/Users/kalle.ollonqvist/Git/mobile-testing/node_modules/appium/node_modules/express/lib/router/index.js:335:12)
[35m[HTTP][39m [37m<-- DELETE /session/b0fc625f-e67e-4bfa-94e1-715bae64886c [39m[33m404[39m [90m2 ms - 2334[39m
[35m[HTTP][39m [90m[39m
[35m[HTTP][39m [37m-->[39m [37mDELETE[39m [37m/session/b0fc625f-e67e-4bfa-94e1-715bae64886c[39m
[35m[HTTP][39m [90m{}[39m
[debug] [35m[W3C (b0fc625f)][39m Encountered internal error running command: NoSuchDriverError: A session is either terminated or not started
[debug] [35m[W3C (b0fc625f)][39m     at asyncHandler (/Users/kalle.ollonqvist/Git/mobile-testing/node_modules/appium/node_modules/appium-base-driver/lib/protocol/protocol.js:243:15)
[debug] [35m[W3C (b0fc625f)][39m     at /Users/kalle.ollonqvist/Git/mobile-testing/node_modules/appium/node_modules/appium-base-driver/lib/protocol/protocol.js:423:15
[debug] [35m[W3C (b0fc625f)][39m     at Layer.handle [as handle_request] (/Users/kalle.ollonqvist/Git/mobile-testing/node_modules/appium/node_modules/express/lib/router/layer.js:95:5)
[debug] [35m[W3C (b0fc625f)][39m     at next (/Users/kalle.ollonqvist/Git/mobile-testing/node_modules/appium/node_modules/express/lib/router/route.js:137:13)
[debug] [35m[W3C (b0fc625f)][39m     at Route.dispatch (/Users/kalle.ollonqvist/Git/mobile-testing/node_modules/appium/node_modules/express/lib/router/route.js:112:3)
[debug] [35m[W3C (b0fc625f)][39m     at Layer.handle [as handle_request] (/Users/kalle.ollonqvist/Git/mobile-testing/node_modules/appium/node_modules/express/lib/router/layer.js:95:5)
[debug] [35m[W3C (b0fc625f)][39m     at /Users/kalle.ollonqvist/Git/mobile-testing/node_modules/appium/node_modules/express/lib/router/index.js:281:22
[debug] [35m[W3C (b0fc625f)][39m     at param (/Users/kalle.ollonqvist/Git/mobile-testing/node_modules/appium/node_modules/express/lib/router/index.js:354:14)
[debug] [35m[W3C (b0fc625f)][39m     at param (/Users/kalle.ollonqvist/Git/mobile-testing/node_modules/appium/node_modules/express/lib/router/index.js:365:14)
[debug] [35m[W3C (b0fc625f)][39m     at Function.process_params (/Users/kalle.ollonqvist/Git/mobile-testing/node_modules/appium/node_modules/express/lib/router/index.js:410:3)
[debug] [35m[W3C (b0fc625f)][39m     at next (/Users/kalle.ollonqvist/Git/mobile-testing/node_modules/appium/node_modules/express/lib/router/index.js:275:10)
[debug] [35m[W3C (b0fc625f)][39m     at logger (/Users/kalle.ollonqvist/Git/mobile-testing/node_modules/appium/node_modules/morgan/index.js:144:5)
[debug] [35m[W3C (b0fc625f)][39m     at Layer.handle [as handle_request] (/Users/kalle.ollonqvist/Git/mobile-testing/node_modules/appium/node_modules/express/lib/router/layer.js:95:5)
[debug] [35m[W3C (b0fc625f)][39m     at trim_prefix (/Users/kalle.ollonqvist/Git/mobile-testing/node_modules/appium/node_modules/express/lib/router/index.js:317:13)
[debug] [35m[W3C (b0fc625f)][39m     at /Users/kalle.ollonqvist/Git/mobile-testing/node_modules/appium/node_modules/express/lib/router/index.js:284:7
[debug] [35m[W3C (b0fc625f)][39m     at Function.process_params (/Users/kalle.ollonqvist/Git/mobile-testing/node_modules/appium/node_modules/express/lib/router/index.js:335:12)
[35m[HTTP][39m [37m<-- DELETE /session/b0fc625f-e67e-4bfa-94e1-715bae64886c [39m[33m404[39m [90m2 ms - 2334[39m
[35m[HTTP][39m [90m[39m
